[main] INFO  com.selenium.testCases.TC_LoginTest_001  - url open
[main] INFO  com.selenium.testCases.TC_LoginTest_001  - usernam entered
[main] INFO  com.selenium.testCases.TC_LoginTest_001  - password entered
[main] INFO  com.selenium.testCases.TC_LoginTest_001  - butn clicked
[main] ERROR com.selenium.testCases.TC_LoginTest_001  - failure
[AsyncHttpClient-1-2] DEBUG io.netty.buffer.PoolThreadCache  - Freed 13 thread-local buffer(s) from thread: AsyncHttpClient-1-2
[AsyncHttpClient-1-3] DEBUG io.netty.buffer.PoolThreadCache  - Freed 2 thread-local buffer(s) from thread: AsyncHttpClient-1-3
[main] INFO  com.selenium.testCases.TC_LoginTest_001  - url open
[main] INFO  com.selenium.testCases.TC_LoginTest_001  - usernam entered
[main] INFO  com.selenium.testCases.TC_LoginTest_001  - password entered
[main] INFO  com.selenium.testCases.TC_LoginTest_001  - butn clicked
[main] ERROR com.selenium.testCases.TC_LoginTest_001  - failure
[main] INFO  com.selenium.testCases.TC_LoginTest_001  - url open
[main] INFO  com.selenium.testCases.TC_LoginTest_001  - usernam entered
[main] INFO  com.selenium.testCases.TC_LoginTest_001  - password entered
[main] INFO  com.selenium.testCases.TC_LoginTest_001  - butn clicked
[main] INFO  com.selenium.testCases.TC_LoginTest_001  - success
[main] INFO  com.selenium.testCases.TC_LoginTest_001  - url open
[main] INFO  com.selenium.testCases.TC_LoginTest_001  - usernam entered
[main] INFO  com.selenium.testCases.TC_LoginTest_001  - password entered
[main] INFO  com.selenium.testCases.TC_LoginTest_001  - butn clicked
[main] ERROR com.selenium.testCases.TC_LoginTest_001  - failure
[AsyncHttpClient-1-2] DEBUG io.netty.buffer.PoolThreadCache  - Freed 13 thread-local buffer(s) from thread: AsyncHttpClient-1-2
[AsyncHttpClient-1-3] DEBUG io.netty.buffer.PoolThreadCache  - Freed 2 thread-local buffer(s) from thread: AsyncHttpClient-1-3
[main] INFO  com.selenium.testCases.TC_LoginTest_001  - url open
[main] INFO  com.selenium.testCases.TC_LoginTest_001  - usernam entered
[main] INFO  com.selenium.testCases.TC_LoginTest_001  - password entered
[main] INFO  com.selenium.testCases.TC_LoginTest_001  - butn clicked
[main] ERROR com.selenium.testCases.TC_LoginTest_001  - failure
[AsyncHttpClient-1-4] DEBUG io.netty.buffer.PoolThreadCache  - Freed 4 thread-local buffer(s) from thread: AsyncHttpClient-1-4
[AsyncHttpClient-1-2] DEBUG io.netty.buffer.PoolThreadCache  - Freed 13 thread-local buffer(s) from thread: AsyncHttpClient-1-2
[AsyncHttpClient-1-3] DEBUG io.netty.buffer.PoolThreadCache  - Freed 2 thread-local buffer(s) from thread: AsyncHttpClient-1-3
[main] DEBUG io.netty.util.internal.logging.InternalLoggerFactory  - Using Log4J as the default logging framework
[main] DEBUG io.netty.util.ResourceLeakDetector  - -Dio.netty.leakDetection.level: simple
[main] DEBUG io.netty.util.ResourceLeakDetector  - -Dio.netty.leakDetection.targetRecords: 4
[main] DEBUG io.netty.util.ResourceLeakDetectorFactory  - Loaded default ResourceLeakDetector: io.netty.util.ResourceLeakDetector@7fbdb894
[main] DEBUG io.netty.util.internal.PlatformDependent  - Platform: MacOS
[main] DEBUG io.netty.util.internal.PlatformDependent0  - -Dio.netty.noUnsafe: false
[main] DEBUG io.netty.util.internal.PlatformDependent0  - Java version: 8
[main] DEBUG io.netty.util.internal.PlatformDependent0  - sun.misc.Unsafe.theUnsafe: available
[main] DEBUG io.netty.util.internal.PlatformDependent0  - sun.misc.Unsafe.copyMemory: available
[main] DEBUG io.netty.util.internal.PlatformDependent0  - java.nio.Buffer.address: available
[main] DEBUG io.netty.util.internal.PlatformDependent0  - direct buffer constructor: available
[main] DEBUG io.netty.util.internal.PlatformDependent0  - java.nio.Bits.unaligned: available, true
[main] DEBUG io.netty.util.internal.PlatformDependent0  - jdk.internal.misc.Unsafe.allocateUninitializedArray(int): unavailable prior to Java9
[main] DEBUG io.netty.util.internal.PlatformDependent0  - java.nio.DirectByteBuffer.<init>(long, int): available
[main] DEBUG io.netty.util.internal.PlatformDependent  - sun.misc.Unsafe: available
[main] DEBUG io.netty.util.internal.PlatformDependent  - -Dio.netty.tmpdir: /var/folders/hm/qxwbw5x95cx8rhrvqw47c6dw0000gn/T (java.io.tmpdir)
[main] DEBUG io.netty.util.internal.PlatformDependent  - -Dio.netty.bitMode: 64 (sun.arch.data.model)
[main] DEBUG io.netty.util.internal.PlatformDependent  - -Dio.netty.maxDirectMemory: 1908932608 bytes
[main] DEBUG io.netty.util.internal.PlatformDependent  - -Dio.netty.uninitializedArrayAllocationThreshold: -1
[main] DEBUG io.netty.util.internal.CleanerJava6  - java.nio.ByteBuffer.cleaner(): available
[main] DEBUG io.netty.util.internal.PlatformDependent  - -Dio.netty.noPreferDirect: false
[main] DEBUG io.netty.util.internal.PlatformDependent  - org.jctools-core.MpscChunkedArrayQueue: available
[main] DEBUG io.netty.util.internal.InternalThreadLocalMap  - -Dio.netty.threadLocalMap.stringBuilder.initialSize: 1024
[main] DEBUG io.netty.util.internal.InternalThreadLocalMap  - -Dio.netty.threadLocalMap.stringBuilder.maxSize: 4096
[main] DEBUG io.netty.handler.ssl.JdkSslContext  - Default protocols (JDK): [TLSv1.2, TLSv1.1, TLSv1] 
[main] DEBUG io.netty.handler.ssl.JdkSslContext  - Default cipher suites (JDK): [TLS_ECDHE_ECDSA_WITH_AES_256_GCM_SHA384, TLS_ECDHE_ECDSA_WITH_AES_128_GCM_SHA256, TLS_ECDHE_RSA_WITH_AES_128_GCM_SHA256, TLS_ECDHE_RSA_WITH_AES_256_GCM_SHA384, TLS_ECDHE_RSA_WITH_AES_128_CBC_SHA, TLS_ECDHE_RSA_WITH_AES_256_CBC_SHA, TLS_RSA_WITH_AES_128_GCM_SHA256, TLS_RSA_WITH_AES_128_CBC_SHA, TLS_RSA_WITH_AES_256_CBC_SHA]
[main] DEBUG io.netty.channel.MultithreadEventLoopGroup  - -Dio.netty.eventLoopThreads: 8
[main] DEBUG io.netty.channel.nio.NioEventLoop  - -Dio.netty.noKeySetOptimization: false
[main] DEBUG io.netty.channel.nio.NioEventLoop  - -Dio.netty.selectorAutoRebuildThreshold: 512
[main] DEBUG io.netty.buffer.PooledByteBufAllocator  - -Dio.netty.allocator.numHeapArenas: 8
[main] DEBUG io.netty.buffer.PooledByteBufAllocator  - -Dio.netty.allocator.numDirectArenas: 8
[main] DEBUG io.netty.buffer.PooledByteBufAllocator  - -Dio.netty.allocator.pageSize: 8192
[main] DEBUG io.netty.buffer.PooledByteBufAllocator  - -Dio.netty.allocator.maxOrder: 11
[main] DEBUG io.netty.buffer.PooledByteBufAllocator  - -Dio.netty.allocator.chunkSize: 16777216
[main] DEBUG io.netty.buffer.PooledByteBufAllocator  - -Dio.netty.allocator.smallCacheSize: 256
[main] DEBUG io.netty.buffer.PooledByteBufAllocator  - -Dio.netty.allocator.normalCacheSize: 64
[main] DEBUG io.netty.buffer.PooledByteBufAllocator  - -Dio.netty.allocator.maxCachedBufferCapacity: 32768
[main] DEBUG io.netty.buffer.PooledByteBufAllocator  - -Dio.netty.allocator.cacheTrimInterval: 8192
[main] DEBUG io.netty.buffer.PooledByteBufAllocator  - -Dio.netty.allocator.cacheTrimIntervalMillis: 0
[main] DEBUG io.netty.buffer.PooledByteBufAllocator  - -Dio.netty.allocator.useCacheForAllThreads: true
[main] DEBUG io.netty.buffer.PooledByteBufAllocator  - -Dio.netty.allocator.maxCachedByteBuffersPerChunk: 1023
[main] DEBUG io.netty.buffer.ByteBufUtil  - -Dio.netty.allocator.type: pooled
[main] DEBUG io.netty.buffer.ByteBufUtil  - -Dio.netty.threadLocalDirectBufferSize: 0
[main] DEBUG io.netty.buffer.ByteBufUtil  - -Dio.netty.maxThreadLocalCharBufferSize: 16384
[Forwarding newSession on session null to remote] DEBUG io.netty.channel.DefaultChannelId  - -Dio.netty.processId: 3468 (auto-detected)
[Forwarding newSession on session null to remote] DEBUG io.netty.util.NetUtil  - -Djava.net.preferIPv4Stack: false
[Forwarding newSession on session null to remote] DEBUG io.netty.util.NetUtil  - -Djava.net.preferIPv6Addresses: false
[Forwarding newSession on session null to remote] DEBUG io.netty.util.NetUtil  - Loopback interface: lo0 (lo0, 0:0:0:0:0:0:0:1%lo0)
[Forwarding newSession on session null to remote] DEBUG io.netty.util.NetUtil  - Failed to get SOMAXCONN from sysctl and file /proc/sys/net/core/somaxconn. Default: 128
[Forwarding newSession on session null to remote] DEBUG io.netty.channel.DefaultChannelId  - -Dio.netty.machineId: 60:30:d4:ff:fe:86:66:90 (auto-detected)
[AsyncHttpClient-1-2] DEBUG io.netty.buffer.AbstractByteBuf  - -Dio.netty.buffer.checkAccessible: true
[AsyncHttpClient-1-2] DEBUG io.netty.buffer.AbstractByteBuf  - -Dio.netty.buffer.checkBounds: true
[AsyncHttpClient-1-2] DEBUG io.netty.util.ResourceLeakDetectorFactory  - Loaded default ResourceLeakDetector: io.netty.util.ResourceLeakDetector@4ff809e8
[AsyncHttpClient-1-2] DEBUG io.netty.util.Recycler  - -Dio.netty.recycler.maxCapacityPerThread: 4096
[AsyncHttpClient-1-2] DEBUG io.netty.util.Recycler  - -Dio.netty.recycler.maxSharedCapacityFactor: 2
[AsyncHttpClient-1-2] DEBUG io.netty.util.Recycler  - -Dio.netty.recycler.linkCapacity: 16
[AsyncHttpClient-1-2] DEBUG io.netty.util.Recycler  - -Dio.netty.recycler.ratio: 8
[AsyncHttpClient-1-2] DEBUG io.netty.util.Recycler  - -Dio.netty.recycler.delayedQueue.ratio: 8
[main] DEBUG io.netty.util.internal.ThreadLocalRandom  - -Dio.netty.initialSeedUniquifier: 0xfa3705e8f341c320
[main] INFO  com.selenium.testCases.TC_LoginTest_001  - url open
[main] INFO  com.selenium.testCases.TC_LoginTest_001  - usernam entered
[main] INFO  com.selenium.testCases.TC_LoginTest_001  - password entered
[main] INFO  com.selenium.testCases.TC_LoginTest_001  - butn clicked
[AsyncHttpClient-1-2] DEBUG io.netty.buffer.PoolThreadCache  - Freed 11 thread-local buffer(s) from thread: AsyncHttpClient-1-2
[AsyncHttpClient-1-4] DEBUG io.netty.buffer.PoolThreadCache  - Freed 4 thread-local buffer(s) from thread: AsyncHttpClient-1-4
[main] DEBUG io.netty.util.internal.logging.InternalLoggerFactory  - Using Log4J as the default logging framework
[main] DEBUG io.netty.util.ResourceLeakDetector  - -Dio.netty.leakDetection.level: simple
[main] DEBUG io.netty.util.ResourceLeakDetector  - -Dio.netty.leakDetection.targetRecords: 4
[main] DEBUG io.netty.util.ResourceLeakDetectorFactory  - Loaded default ResourceLeakDetector: io.netty.util.ResourceLeakDetector@2364305a
[main] DEBUG io.netty.util.internal.PlatformDependent  - Platform: MacOS
[main] DEBUG io.netty.util.internal.PlatformDependent0  - -Dio.netty.noUnsafe: false
[main] DEBUG io.netty.util.internal.PlatformDependent0  - Java version: 8
[main] DEBUG io.netty.util.internal.PlatformDependent0  - sun.misc.Unsafe.theUnsafe: available
[main] DEBUG io.netty.util.internal.PlatformDependent0  - sun.misc.Unsafe.copyMemory: available
[main] DEBUG io.netty.util.internal.PlatformDependent0  - java.nio.Buffer.address: available
[main] DEBUG io.netty.util.internal.PlatformDependent0  - direct buffer constructor: available
[main] DEBUG io.netty.util.internal.PlatformDependent0  - java.nio.Bits.unaligned: available, true
[main] DEBUG io.netty.util.internal.PlatformDependent0  - jdk.internal.misc.Unsafe.allocateUninitializedArray(int): unavailable prior to Java9
[main] DEBUG io.netty.util.internal.PlatformDependent0  - java.nio.DirectByteBuffer.<init>(long, int): available
[main] DEBUG io.netty.util.internal.PlatformDependent  - sun.misc.Unsafe: available
[main] DEBUG io.netty.util.internal.PlatformDependent  - -Dio.netty.tmpdir: /var/folders/hm/qxwbw5x95cx8rhrvqw47c6dw0000gn/T (java.io.tmpdir)
[main] DEBUG io.netty.util.internal.PlatformDependent  - -Dio.netty.bitMode: 64 (sun.arch.data.model)
[main] DEBUG io.netty.util.internal.PlatformDependent  - -Dio.netty.maxDirectMemory: 1908932608 bytes
[main] DEBUG io.netty.util.internal.PlatformDependent  - -Dio.netty.uninitializedArrayAllocationThreshold: -1
[main] DEBUG io.netty.util.internal.CleanerJava6  - java.nio.ByteBuffer.cleaner(): available
[main] DEBUG io.netty.util.internal.PlatformDependent  - -Dio.netty.noPreferDirect: false
[main] DEBUG io.netty.util.internal.PlatformDependent  - org.jctools-core.MpscChunkedArrayQueue: available
[main] DEBUG io.netty.util.internal.InternalThreadLocalMap  - -Dio.netty.threadLocalMap.stringBuilder.initialSize: 1024
[main] DEBUG io.netty.util.internal.InternalThreadLocalMap  - -Dio.netty.threadLocalMap.stringBuilder.maxSize: 4096
[main] DEBUG io.netty.handler.ssl.JdkSslContext  - Default protocols (JDK): [TLSv1.2, TLSv1.1, TLSv1] 
[main] DEBUG io.netty.handler.ssl.JdkSslContext  - Default cipher suites (JDK): [TLS_ECDHE_ECDSA_WITH_AES_256_GCM_SHA384, TLS_ECDHE_ECDSA_WITH_AES_128_GCM_SHA256, TLS_ECDHE_RSA_WITH_AES_128_GCM_SHA256, TLS_ECDHE_RSA_WITH_AES_256_GCM_SHA384, TLS_ECDHE_RSA_WITH_AES_128_CBC_SHA, TLS_ECDHE_RSA_WITH_AES_256_CBC_SHA, TLS_RSA_WITH_AES_128_GCM_SHA256, TLS_RSA_WITH_AES_128_CBC_SHA, TLS_RSA_WITH_AES_256_CBC_SHA]
[main] DEBUG io.netty.channel.MultithreadEventLoopGroup  - -Dio.netty.eventLoopThreads: 8
[main] DEBUG io.netty.channel.nio.NioEventLoop  - -Dio.netty.noKeySetOptimization: false
[main] DEBUG io.netty.channel.nio.NioEventLoop  - -Dio.netty.selectorAutoRebuildThreshold: 512
[main] DEBUG io.netty.buffer.PooledByteBufAllocator  - -Dio.netty.allocator.numHeapArenas: 8
[main] DEBUG io.netty.buffer.PooledByteBufAllocator  - -Dio.netty.allocator.numDirectArenas: 8
[main] DEBUG io.netty.buffer.PooledByteBufAllocator  - -Dio.netty.allocator.pageSize: 8192
[main] DEBUG io.netty.buffer.PooledByteBufAllocator  - -Dio.netty.allocator.maxOrder: 11
[main] DEBUG io.netty.buffer.PooledByteBufAllocator  - -Dio.netty.allocator.chunkSize: 16777216
[main] DEBUG io.netty.buffer.PooledByteBufAllocator  - -Dio.netty.allocator.smallCacheSize: 256
[main] DEBUG io.netty.buffer.PooledByteBufAllocator  - -Dio.netty.allocator.normalCacheSize: 64
[main] DEBUG io.netty.buffer.PooledByteBufAllocator  - -Dio.netty.allocator.maxCachedBufferCapacity: 32768
[main] DEBUG io.netty.buffer.PooledByteBufAllocator  - -Dio.netty.allocator.cacheTrimInterval: 8192
[main] DEBUG io.netty.buffer.PooledByteBufAllocator  - -Dio.netty.allocator.cacheTrimIntervalMillis: 0
[main] DEBUG io.netty.buffer.PooledByteBufAllocator  - -Dio.netty.allocator.useCacheForAllThreads: true
[main] DEBUG io.netty.buffer.PooledByteBufAllocator  - -Dio.netty.allocator.maxCachedByteBuffersPerChunk: 1023
[main] DEBUG io.netty.buffer.ByteBufUtil  - -Dio.netty.allocator.type: pooled
[main] DEBUG io.netty.buffer.ByteBufUtil  - -Dio.netty.threadLocalDirectBufferSize: 0
[main] DEBUG io.netty.buffer.ByteBufUtil  - -Dio.netty.maxThreadLocalCharBufferSize: 16384
[Forwarding newSession on session null to remote] DEBUG io.netty.channel.DefaultChannelId  - -Dio.netty.processId: 4050 (auto-detected)
[Forwarding newSession on session null to remote] DEBUG io.netty.util.NetUtil  - -Djava.net.preferIPv4Stack: false
[Forwarding newSession on session null to remote] DEBUG io.netty.util.NetUtil  - -Djava.net.preferIPv6Addresses: false
[Forwarding newSession on session null to remote] DEBUG io.netty.util.NetUtil  - Loopback interface: lo0 (lo0, 0:0:0:0:0:0:0:1%lo0)
[Forwarding newSession on session null to remote] DEBUG io.netty.util.NetUtil  - Failed to get SOMAXCONN from sysctl and file /proc/sys/net/core/somaxconn. Default: 128
[Forwarding newSession on session null to remote] DEBUG io.netty.channel.DefaultChannelId  - -Dio.netty.machineId: 60:30:d4:ff:fe:86:66:90 (auto-detected)
[AsyncHttpClient-1-2] DEBUG io.netty.buffer.AbstractByteBuf  - -Dio.netty.buffer.checkAccessible: true
[AsyncHttpClient-1-2] DEBUG io.netty.buffer.AbstractByteBuf  - -Dio.netty.buffer.checkBounds: true
[AsyncHttpClient-1-2] DEBUG io.netty.util.ResourceLeakDetectorFactory  - Loaded default ResourceLeakDetector: io.netty.util.ResourceLeakDetector@40fbbb27
[AsyncHttpClient-1-2] DEBUG io.netty.util.Recycler  - -Dio.netty.recycler.maxCapacityPerThread: 4096
[AsyncHttpClient-1-2] DEBUG io.netty.util.Recycler  - -Dio.netty.recycler.maxSharedCapacityFactor: 2
[AsyncHttpClient-1-2] DEBUG io.netty.util.Recycler  - -Dio.netty.recycler.linkCapacity: 16
[AsyncHttpClient-1-2] DEBUG io.netty.util.Recycler  - -Dio.netty.recycler.ratio: 8
[AsyncHttpClient-1-2] DEBUG io.netty.util.Recycler  - -Dio.netty.recycler.delayedQueue.ratio: 8
[main] DEBUG io.netty.util.internal.ThreadLocalRandom  - -Dio.netty.initialSeedUniquifier: 0xdcf9ade44eb11f3d
[main] INFO  com.selenium.testCases.TC_LoginTest_001  - url open
[main] INFO  com.selenium.testCases.TC_LoginTest_001  - usernam entered
[main] INFO  com.selenium.testCases.TC_LoginTest_001  - password entered
[main] INFO  com.selenium.testCases.TC_LoginTest_001  - butn clicked
[main] DEBUG freemarker.cache  - Couldn't find template in cache for "spark/spark.spa.ftl"("en_GB", UTF-8, parsed); will try to load it.
[main] DEBUG freemarker.cache  - TemplateLoader.findTemplateSource("spark/spark.spa_en_GB.ftl"): Not found
[main] DEBUG freemarker.cache  - TemplateLoader.findTemplateSource("spark/spark.spa_en.ftl"): Not found
[main] DEBUG freemarker.cache  - TemplateLoader.findTemplateSource("spark/spark.spa.ftl"): Found
[main] DEBUG freemarker.cache  - Loading template for "spark/spark.spa.ftl"("en_GB", UTF-8, parsed) from "jar:file:/Users/mkr/.m2/repository/com/aventstack/extentreports/5.0.8/extentreports-5.0.8.jar!/com/aventstack/extentreports/templates/spark/spark.spa.ftl"
[main] DEBUG freemarker.cache  - Couldn't find template in cache for "commons/commons-variables.ftl"("en_GB", UTF-8, parsed); will try to load it.
[main] DEBUG freemarker.cache  - TemplateLoader.findTemplateSource("commons/commons-variables_en_GB.ftl"): Not found
[main] DEBUG freemarker.cache  - TemplateLoader.findTemplateSource("commons/commons-variables_en.ftl"): Not found
[main] DEBUG freemarker.cache  - TemplateLoader.findTemplateSource("commons/commons-variables.ftl"): Found
[main] DEBUG freemarker.cache  - Loading template for "commons/commons-variables.ftl"("en_GB", UTF-8, parsed) from "jar:file:/Users/mkr/.m2/repository/com/aventstack/extentreports/5.0.8/extentreports-5.0.8.jar!/com/aventstack/extentreports/templates/commons/commons-variables.ftl"
[main] DEBUG freemarker.cache  - Couldn't find template in cache for "commons/commons-macros.ftl"("en_GB", UTF-8, parsed); will try to load it.
[main] DEBUG freemarker.cache  - TemplateLoader.findTemplateSource("commons/commons-macros_en_GB.ftl"): Not found
[main] DEBUG freemarker.cache  - TemplateLoader.findTemplateSource("commons/commons-macros_en.ftl"): Not found
[main] DEBUG freemarker.cache  - TemplateLoader.findTemplateSource("commons/commons-macros.ftl"): Found
[main] DEBUG freemarker.cache  - Loading template for "commons/commons-macros.ftl"("en_GB", UTF-8, parsed) from "jar:file:/Users/mkr/.m2/repository/com/aventstack/extentreports/5.0.8/extentreports-5.0.8.jar!/com/aventstack/extentreports/templates/commons/commons-macros.ftl"
[main] DEBUG freemarker.cache  - Couldn't find template in cache for "spark/macros/attributes.ftl"("en_GB", UTF-8, parsed); will try to load it.
[main] DEBUG freemarker.cache  - TemplateLoader.findTemplateSource("spark/macros/attributes_en_GB.ftl"): Not found
[main] DEBUG freemarker.cache  - TemplateLoader.findTemplateSource("spark/macros/attributes_en.ftl"): Not found
[main] DEBUG freemarker.cache  - TemplateLoader.findTemplateSource("spark/macros/attributes.ftl"): Found
[main] DEBUG freemarker.cache  - Loading template for "spark/macros/attributes.ftl"("en_GB", UTF-8, parsed) from "jar:file:/Users/mkr/.m2/repository/com/aventstack/extentreports/5.0.8/extentreports-5.0.8.jar!/com/aventstack/extentreports/templates/spark/macros/attributes.ftl"
[main] DEBUG freemarker.cache  - Couldn't find template in cache for "spark/macros/log.ftl"("en_GB", UTF-8, parsed); will try to load it.
[main] DEBUG freemarker.cache  - TemplateLoader.findTemplateSource("spark/macros/log_en_GB.ftl"): Not found
[main] DEBUG freemarker.cache  - TemplateLoader.findTemplateSource("spark/macros/log_en.ftl"): Not found
[main] DEBUG freemarker.cache  - TemplateLoader.findTemplateSource("spark/macros/log.ftl"): Found
[main] DEBUG freemarker.cache  - Loading template for "spark/macros/log.ftl"("en_GB", UTF-8, parsed) from "jar:file:/Users/mkr/.m2/repository/com/aventstack/extentreports/5.0.8/extentreports-5.0.8.jar!/com/aventstack/extentreports/templates/spark/macros/log.ftl"
[main] DEBUG freemarker.cache  - Couldn't find template in cache for "spark/macros/recurse_nodes.ftl"("en_GB", UTF-8, parsed); will try to load it.
[main] DEBUG freemarker.cache  - TemplateLoader.findTemplateSource("spark/macros/recurse_nodes_en_GB.ftl"): Not found
[main] DEBUG freemarker.cache  - TemplateLoader.findTemplateSource("spark/macros/recurse_nodes_en.ftl"): Not found
[main] DEBUG freemarker.cache  - TemplateLoader.findTemplateSource("spark/macros/recurse_nodes.ftl"): Found
[main] DEBUG freemarker.cache  - Loading template for "spark/macros/recurse_nodes.ftl"("en_GB", UTF-8, parsed) from "jar:file:/Users/mkr/.m2/repository/com/aventstack/extentreports/5.0.8/extentreports-5.0.8.jar!/com/aventstack/extentreports/templates/spark/macros/recurse_nodes.ftl"
[main] DEBUG freemarker.cache  - "spark/macros/log.ftl"("en_GB", UTF-8, parsed) cached copy not yet stale; using cached.
[main] DEBUG freemarker.cache  - Couldn't find template in cache for "spark/macros/attr-common.ftl"("en_GB", UTF-8, parsed); will try to load it.
[main] DEBUG freemarker.cache  - TemplateLoader.findTemplateSource("spark/macros/attr-common_en_GB.ftl"): Not found
[main] DEBUG freemarker.cache  - TemplateLoader.findTemplateSource("spark/macros/attr-common_en.ftl"): Not found
[main] DEBUG freemarker.cache  - TemplateLoader.findTemplateSource("spark/macros/attr-common.ftl"): Found
[main] DEBUG freemarker.cache  - Loading template for "spark/macros/attr-common.ftl"("en_GB", UTF-8, parsed) from "jar:file:/Users/mkr/.m2/repository/com/aventstack/extentreports/5.0.8/extentreports-5.0.8.jar!/com/aventstack/extentreports/templates/spark/macros/attr-common.ftl"
[main] DEBUG freemarker.cache  - Couldn't find template in cache for "spark/partials/head.ftl"("en_GB", UTF-8, parsed); will try to load it.
[main] DEBUG freemarker.cache  - TemplateLoader.findTemplateSource("spark/partials/head_en_GB.ftl"): Not found
[main] DEBUG freemarker.cache  - TemplateLoader.findTemplateSource("spark/partials/head_en.ftl"): Not found
[main] DEBUG freemarker.cache  - TemplateLoader.findTemplateSource("spark/partials/head.ftl"): Found
[main] DEBUG freemarker.cache  - Loading template for "spark/partials/head.ftl"("en_GB", UTF-8, parsed) from "jar:file:/Users/mkr/.m2/repository/com/aventstack/extentreports/5.0.8/extentreports-5.0.8.jar!/com/aventstack/extentreports/templates/spark/partials/head.ftl"
[main] DEBUG freemarker.cache  - Couldn't find template in cache for "commons/commons-inject-css.ftl"("en_GB", UTF-8, parsed); will try to load it.
[main] DEBUG freemarker.cache  - TemplateLoader.findTemplateSource("commons/commons-inject-css_en_GB.ftl"): Not found
[main] DEBUG freemarker.cache  - TemplateLoader.findTemplateSource("commons/commons-inject-css_en.ftl"): Not found
[main] DEBUG freemarker.cache  - TemplateLoader.findTemplateSource("commons/commons-inject-css.ftl"): Found
[main] DEBUG freemarker.cache  - Loading template for "commons/commons-inject-css.ftl"("en_GB", UTF-8, parsed) from "jar:file:/Users/mkr/.m2/repository/com/aventstack/extentreports/5.0.8/extentreports-5.0.8.jar!/com/aventstack/extentreports/templates/commons/commons-inject-css.ftl"
[main] DEBUG freemarker.cache  - Couldn't find template in cache for "spark/partials/navbar.ftl"("en_GB", UTF-8, parsed); will try to load it.
[main] DEBUG freemarker.cache  - TemplateLoader.findTemplateSource("spark/partials/navbar_en_GB.ftl"): Not found
[main] DEBUG freemarker.cache  - TemplateLoader.findTemplateSource("spark/partials/navbar_en.ftl"): Not found
[main] DEBUG freemarker.cache  - TemplateLoader.findTemplateSource("spark/partials/navbar.ftl"): Found
[main] DEBUG freemarker.cache  - Loading template for "spark/partials/navbar.ftl"("en_GB", UTF-8, parsed) from "jar:file:/Users/mkr/.m2/repository/com/aventstack/extentreports/5.0.8/extentreports-5.0.8.jar!/com/aventstack/extentreports/templates/spark/partials/navbar.ftl"
[main] DEBUG freemarker.cache  - Couldn't find template in cache for "spark/partials/sidenav.ftl"("en_GB", UTF-8, parsed); will try to load it.
[main] DEBUG freemarker.cache  - TemplateLoader.findTemplateSource("spark/partials/sidenav_en_GB.ftl"): Not found
[main] DEBUG freemarker.cache  - TemplateLoader.findTemplateSource("spark/partials/sidenav_en.ftl"): Not found
[main] DEBUG freemarker.cache  - TemplateLoader.findTemplateSource("spark/partials/sidenav.ftl"): Found
[main] DEBUG freemarker.cache  - Loading template for "spark/partials/sidenav.ftl"("en_GB", UTF-8, parsed) from "jar:file:/Users/mkr/.m2/repository/com/aventstack/extentreports/5.0.8/extentreports-5.0.8.jar!/com/aventstack/extentreports/templates/spark/partials/sidenav.ftl"
[main] DEBUG freemarker.cache  - Couldn't find template in cache for "spark/partials/test.ftl"("en_GB", UTF-8, parsed); will try to load it.
[main] DEBUG freemarker.cache  - TemplateLoader.findTemplateSource("spark/partials/test_en_GB.ftl"): Not found
[main] DEBUG freemarker.cache  - TemplateLoader.findTemplateSource("spark/partials/test_en.ftl"): Not found
[main] DEBUG freemarker.cache  - TemplateLoader.findTemplateSource("spark/partials/test.ftl"): Found
[main] DEBUG freemarker.cache  - Loading template for "spark/partials/test.ftl"("en_GB", UTF-8, parsed) from "jar:file:/Users/mkr/.m2/repository/com/aventstack/extentreports/5.0.8/extentreports-5.0.8.jar!/com/aventstack/extentreports/templates/spark/partials/test.ftl"
[main] DEBUG freemarker.cache  - Couldn't find template in cache for "spark/partials/standard-content.ftl"("en_GB", UTF-8, parsed); will try to load it.
[main] DEBUG freemarker.cache  - TemplateLoader.findTemplateSource("spark/partials/standard-content_en_GB.ftl"): Not found
[main] DEBUG freemarker.cache  - TemplateLoader.findTemplateSource("spark/partials/standard-content_en.ftl"): Not found
[main] DEBUG freemarker.cache  - TemplateLoader.findTemplateSource("spark/partials/standard-content.ftl"): Found
[main] DEBUG freemarker.cache  - Loading template for "spark/partials/standard-content.ftl"("en_GB", UTF-8, parsed) from "jar:file:/Users/mkr/.m2/repository/com/aventstack/extentreports/5.0.8/extentreports-5.0.8.jar!/com/aventstack/extentreports/templates/spark/partials/standard-content.ftl"
[main] DEBUG freemarker.cache  - Couldn't find template in cache for "spark/partials/exception.ftl"("en_GB", UTF-8, parsed); will try to load it.
[main] DEBUG freemarker.cache  - TemplateLoader.findTemplateSource("spark/partials/exception_en_GB.ftl"): Not found
[main] DEBUG freemarker.cache  - TemplateLoader.findTemplateSource("spark/partials/exception_en.ftl"): Not found
[main] DEBUG freemarker.cache  - TemplateLoader.findTemplateSource("spark/partials/exception.ftl"): Found
[main] DEBUG freemarker.cache  - Loading template for "spark/partials/exception.ftl"("en_GB", UTF-8, parsed) from "jar:file:/Users/mkr/.m2/repository/com/aventstack/extentreports/5.0.8/extentreports-5.0.8.jar!/com/aventstack/extentreports/templates/spark/partials/exception.ftl"
[main] DEBUG freemarker.cache  - Couldn't find template in cache for "spark/partials/category.ftl"("en_GB", UTF-8, parsed); will try to load it.
[main] DEBUG freemarker.cache  - TemplateLoader.findTemplateSource("spark/partials/category_en_GB.ftl"): Not found
[main] DEBUG freemarker.cache  - TemplateLoader.findTemplateSource("spark/partials/category_en.ftl"): Not found
[main] DEBUG freemarker.cache  - TemplateLoader.findTemplateSource("spark/partials/category.ftl"): Found
[main] DEBUG freemarker.cache  - Loading template for "spark/partials/category.ftl"("en_GB", UTF-8, parsed) from "jar:file:/Users/mkr/.m2/repository/com/aventstack/extentreports/5.0.8/extentreports-5.0.8.jar!/com/aventstack/extentreports/templates/spark/partials/category.ftl"
[main] DEBUG freemarker.cache  - Couldn't find template in cache for "spark/partials/device.ftl"("en_GB", UTF-8, parsed); will try to load it.
[main] DEBUG freemarker.cache  - TemplateLoader.findTemplateSource("spark/partials/device_en_GB.ftl"): Not found
[main] DEBUG freemarker.cache  - TemplateLoader.findTemplateSource("spark/partials/device_en.ftl"): Not found
[main] DEBUG freemarker.cache  - TemplateLoader.findTemplateSource("spark/partials/device.ftl"): Found
[main] DEBUG freemarker.cache  - Loading template for "spark/partials/device.ftl"("en_GB", UTF-8, parsed) from "jar:file:/Users/mkr/.m2/repository/com/aventstack/extentreports/5.0.8/extentreports-5.0.8.jar!/com/aventstack/extentreports/templates/spark/partials/device.ftl"
[main] DEBUG freemarker.cache  - Couldn't find template in cache for "spark/partials/author.ftl"("en_GB", UTF-8, parsed); will try to load it.
[main] DEBUG freemarker.cache  - TemplateLoader.findTemplateSource("spark/partials/author_en_GB.ftl"): Not found
[main] DEBUG freemarker.cache  - TemplateLoader.findTemplateSource("spark/partials/author_en.ftl"): Not found
[main] DEBUG freemarker.cache  - TemplateLoader.findTemplateSource("spark/partials/author.ftl"): Found
[main] DEBUG freemarker.cache  - Loading template for "spark/partials/author.ftl"("en_GB", UTF-8, parsed) from "jar:file:/Users/mkr/.m2/repository/com/aventstack/extentreports/5.0.8/extentreports-5.0.8.jar!/com/aventstack/extentreports/templates/spark/partials/author.ftl"
[main] DEBUG freemarker.cache  - Couldn't find template in cache for "spark/partials/log.ftl"("en_GB", UTF-8, parsed); will try to load it.
[main] DEBUG freemarker.cache  - TemplateLoader.findTemplateSource("spark/partials/log_en_GB.ftl"): Not found
[main] DEBUG freemarker.cache  - TemplateLoader.findTemplateSource("spark/partials/log_en.ftl"): Not found
[main] DEBUG freemarker.cache  - TemplateLoader.findTemplateSource("spark/partials/log.ftl"): Found
[main] DEBUG freemarker.cache  - Loading template for "spark/partials/log.ftl"("en_GB", UTF-8, parsed) from "jar:file:/Users/mkr/.m2/repository/com/aventstack/extentreports/5.0.8/extentreports-5.0.8.jar!/com/aventstack/extentreports/templates/spark/partials/log.ftl"
[main] DEBUG freemarker.cache  - Couldn't find template in cache for "spark/partials/dashboard.ftl"("en_GB", UTF-8, parsed); will try to load it.
[main] DEBUG freemarker.cache  - TemplateLoader.findTemplateSource("spark/partials/dashboard_en_GB.ftl"): Not found
[main] DEBUG freemarker.cache  - TemplateLoader.findTemplateSource("spark/partials/dashboard_en.ftl"): Not found
[main] DEBUG freemarker.cache  - TemplateLoader.findTemplateSource("spark/partials/dashboard.ftl"): Found
[main] DEBUG freemarker.cache  - Loading template for "spark/partials/dashboard.ftl"("en_GB", UTF-8, parsed) from "jar:file:/Users/mkr/.m2/repository/com/aventstack/extentreports/5.0.8/extentreports-5.0.8.jar!/com/aventstack/extentreports/templates/spark/partials/dashboard.ftl"
[main] DEBUG freemarker.cache  - Couldn't find template in cache for "spark/partials/scripts.ftl"("en_GB", UTF-8, parsed); will try to load it.
[main] DEBUG freemarker.cache  - TemplateLoader.findTemplateSource("spark/partials/scripts_en_GB.ftl"): Not found
[main] DEBUG freemarker.cache  - TemplateLoader.findTemplateSource("spark/partials/scripts_en.ftl"): Not found
[main] DEBUG freemarker.cache  - TemplateLoader.findTemplateSource("spark/partials/scripts.ftl"): Found
[main] DEBUG freemarker.cache  - Loading template for "spark/partials/scripts.ftl"("en_GB", UTF-8, parsed) from "jar:file:/Users/mkr/.m2/repository/com/aventstack/extentreports/5.0.8/extentreports-5.0.8.jar!/com/aventstack/extentreports/templates/spark/partials/scripts.ftl"
[main] DEBUG freemarker.cache  - Couldn't find template in cache for "commons/commons-inject-js.ftl"("en_GB", UTF-8, parsed); will try to load it.
[main] DEBUG freemarker.cache  - TemplateLoader.findTemplateSource("commons/commons-inject-js_en_GB.ftl"): Not found
[main] DEBUG freemarker.cache  - TemplateLoader.findTemplateSource("commons/commons-inject-js_en.ftl"): Not found
[main] DEBUG freemarker.cache  - TemplateLoader.findTemplateSource("commons/commons-inject-js.ftl"): Found
[main] DEBUG freemarker.cache  - Loading template for "commons/commons-inject-js.ftl"("en_GB", UTF-8, parsed) from "jar:file:/Users/mkr/.m2/repository/com/aventstack/extentreports/5.0.8/extentreports-5.0.8.jar!/com/aventstack/extentreports/templates/commons/commons-inject-js.ftl"
[AsyncHttpClient-1-4] DEBUG io.netty.buffer.PoolThreadCache  - Freed 4 thread-local buffer(s) from thread: AsyncHttpClient-1-4
[AsyncHttpClient-1-3] DEBUG io.netty.buffer.PoolThreadCache  - Freed 2 thread-local buffer(s) from thread: AsyncHttpClient-1-3
[AsyncHttpClient-1-2] DEBUG io.netty.buffer.PoolThreadCache  - Freed 11 thread-local buffer(s) from thread: AsyncHttpClient-1-2
[main] DEBUG io.netty.util.internal.logging.InternalLoggerFactory  - Using Log4J as the default logging framework
[main] DEBUG io.netty.util.ResourceLeakDetector  - -Dio.netty.leakDetection.level: simple
[main] DEBUG io.netty.util.ResourceLeakDetector  - -Dio.netty.leakDetection.targetRecords: 4
[main] DEBUG io.netty.util.ResourceLeakDetectorFactory  - Loaded default ResourceLeakDetector: io.netty.util.ResourceLeakDetector@e98770d
[main] DEBUG io.netty.util.internal.PlatformDependent  - Platform: MacOS
[main] DEBUG io.netty.util.internal.PlatformDependent0  - -Dio.netty.noUnsafe: false
[main] DEBUG io.netty.util.internal.PlatformDependent0  - Java version: 8
[main] DEBUG io.netty.util.internal.PlatformDependent0  - sun.misc.Unsafe.theUnsafe: available
[main] DEBUG io.netty.util.internal.PlatformDependent0  - sun.misc.Unsafe.copyMemory: available
[main] DEBUG io.netty.util.internal.PlatformDependent0  - java.nio.Buffer.address: available
[main] DEBUG io.netty.util.internal.PlatformDependent0  - direct buffer constructor: available
[main] DEBUG io.netty.util.internal.PlatformDependent0  - java.nio.Bits.unaligned: available, true
[main] DEBUG io.netty.util.internal.PlatformDependent0  - jdk.internal.misc.Unsafe.allocateUninitializedArray(int): unavailable prior to Java9
[main] DEBUG io.netty.util.internal.PlatformDependent0  - java.nio.DirectByteBuffer.<init>(long, int): available
[main] DEBUG io.netty.util.internal.PlatformDependent  - sun.misc.Unsafe: available
[main] DEBUG io.netty.util.internal.PlatformDependent  - -Dio.netty.tmpdir: /var/folders/hm/qxwbw5x95cx8rhrvqw47c6dw0000gn/T (java.io.tmpdir)
[main] DEBUG io.netty.util.internal.PlatformDependent  - -Dio.netty.bitMode: 64 (sun.arch.data.model)
[main] DEBUG io.netty.util.internal.PlatformDependent  - -Dio.netty.maxDirectMemory: 1908932608 bytes
[main] DEBUG io.netty.util.internal.PlatformDependent  - -Dio.netty.uninitializedArrayAllocationThreshold: -1
[main] DEBUG io.netty.util.internal.CleanerJava6  - java.nio.ByteBuffer.cleaner(): available
[main] DEBUG io.netty.util.internal.PlatformDependent  - -Dio.netty.noPreferDirect: false
[main] DEBUG io.netty.util.internal.PlatformDependent  - org.jctools-core.MpscChunkedArrayQueue: available
[main] DEBUG io.netty.util.internal.InternalThreadLocalMap  - -Dio.netty.threadLocalMap.stringBuilder.initialSize: 1024
[main] DEBUG io.netty.util.internal.InternalThreadLocalMap  - -Dio.netty.threadLocalMap.stringBuilder.maxSize: 4096
[main] DEBUG io.netty.handler.ssl.JdkSslContext  - Default protocols (JDK): [TLSv1.2, TLSv1.1, TLSv1] 
[main] DEBUG io.netty.handler.ssl.JdkSslContext  - Default cipher suites (JDK): [TLS_ECDHE_ECDSA_WITH_AES_256_GCM_SHA384, TLS_ECDHE_ECDSA_WITH_AES_128_GCM_SHA256, TLS_ECDHE_RSA_WITH_AES_128_GCM_SHA256, TLS_ECDHE_RSA_WITH_AES_256_GCM_SHA384, TLS_ECDHE_RSA_WITH_AES_128_CBC_SHA, TLS_ECDHE_RSA_WITH_AES_256_CBC_SHA, TLS_RSA_WITH_AES_128_GCM_SHA256, TLS_RSA_WITH_AES_128_CBC_SHA, TLS_RSA_WITH_AES_256_CBC_SHA]
[main] DEBUG io.netty.channel.MultithreadEventLoopGroup  - -Dio.netty.eventLoopThreads: 8
[main] DEBUG io.netty.channel.nio.NioEventLoop  - -Dio.netty.noKeySetOptimization: false
[main] DEBUG io.netty.channel.nio.NioEventLoop  - -Dio.netty.selectorAutoRebuildThreshold: 512
[main] DEBUG io.netty.buffer.PooledByteBufAllocator  - -Dio.netty.allocator.numHeapArenas: 8
[main] DEBUG io.netty.buffer.PooledByteBufAllocator  - -Dio.netty.allocator.numDirectArenas: 8
[main] DEBUG io.netty.buffer.PooledByteBufAllocator  - -Dio.netty.allocator.pageSize: 8192
[main] DEBUG io.netty.buffer.PooledByteBufAllocator  - -Dio.netty.allocator.maxOrder: 11
[main] DEBUG io.netty.buffer.PooledByteBufAllocator  - -Dio.netty.allocator.chunkSize: 16777216
[main] DEBUG io.netty.buffer.PooledByteBufAllocator  - -Dio.netty.allocator.smallCacheSize: 256
[main] DEBUG io.netty.buffer.PooledByteBufAllocator  - -Dio.netty.allocator.normalCacheSize: 64
[main] DEBUG io.netty.buffer.PooledByteBufAllocator  - -Dio.netty.allocator.maxCachedBufferCapacity: 32768
[main] DEBUG io.netty.buffer.PooledByteBufAllocator  - -Dio.netty.allocator.cacheTrimInterval: 8192
[main] DEBUG io.netty.buffer.PooledByteBufAllocator  - -Dio.netty.allocator.cacheTrimIntervalMillis: 0
[main] DEBUG io.netty.buffer.PooledByteBufAllocator  - -Dio.netty.allocator.useCacheForAllThreads: true
[main] DEBUG io.netty.buffer.PooledByteBufAllocator  - -Dio.netty.allocator.maxCachedByteBuffersPerChunk: 1023
[main] DEBUG io.netty.buffer.ByteBufUtil  - -Dio.netty.allocator.type: pooled
[main] DEBUG io.netty.buffer.ByteBufUtil  - -Dio.netty.threadLocalDirectBufferSize: 0
[main] DEBUG io.netty.buffer.ByteBufUtil  - -Dio.netty.maxThreadLocalCharBufferSize: 16384
[Forwarding newSession on session null to remote] DEBUG io.netty.channel.DefaultChannelId  - -Dio.netty.processId: 4214 (auto-detected)
[Forwarding newSession on session null to remote] DEBUG io.netty.util.NetUtil  - -Djava.net.preferIPv4Stack: false
[Forwarding newSession on session null to remote] DEBUG io.netty.util.NetUtil  - -Djava.net.preferIPv6Addresses: false
[Forwarding newSession on session null to remote] DEBUG io.netty.util.NetUtil  - Loopback interface: lo0 (lo0, 0:0:0:0:0:0:0:1%lo0)
[Forwarding newSession on session null to remote] DEBUG io.netty.util.NetUtil  - Failed to get SOMAXCONN from sysctl and file /proc/sys/net/core/somaxconn. Default: 128
[Forwarding newSession on session null to remote] DEBUG io.netty.channel.DefaultChannelId  - -Dio.netty.machineId: 60:30:d4:ff:fe:86:66:90 (auto-detected)
[AsyncHttpClient-1-2] DEBUG io.netty.buffer.AbstractByteBuf  - -Dio.netty.buffer.checkAccessible: true
[AsyncHttpClient-1-2] DEBUG io.netty.buffer.AbstractByteBuf  - -Dio.netty.buffer.checkBounds: true
[AsyncHttpClient-1-2] DEBUG io.netty.util.ResourceLeakDetectorFactory  - Loaded default ResourceLeakDetector: io.netty.util.ResourceLeakDetector@2bc14ee7
[AsyncHttpClient-1-2] DEBUG io.netty.util.Recycler  - -Dio.netty.recycler.maxCapacityPerThread: 4096
[AsyncHttpClient-1-2] DEBUG io.netty.util.Recycler  - -Dio.netty.recycler.maxSharedCapacityFactor: 2
[AsyncHttpClient-1-2] DEBUG io.netty.util.Recycler  - -Dio.netty.recycler.linkCapacity: 16
[AsyncHttpClient-1-2] DEBUG io.netty.util.Recycler  - -Dio.netty.recycler.ratio: 8
[AsyncHttpClient-1-2] DEBUG io.netty.util.Recycler  - -Dio.netty.recycler.delayedQueue.ratio: 8
[main] DEBUG io.netty.util.internal.ThreadLocalRandom  - -Dio.netty.initialSeedUniquifier: 0x763b951fd439212c
[main] INFO  com.selenium.testCases.TC_LoginTest_001  - url open
[main] INFO  com.selenium.testCases.TC_LoginTest_001  - usernam entered
[main] INFO  com.selenium.testCases.TC_LoginTest_001  - password entered
[main] INFO  com.selenium.testCases.TC_LoginTest_001  - butn clicked
[main] DEBUG freemarker.cache  - Couldn't find template in cache for "spark/spark.spa.ftl"("en_GB", UTF-8, parsed); will try to load it.
[main] DEBUG freemarker.cache  - TemplateLoader.findTemplateSource("spark/spark.spa_en_GB.ftl"): Not found
[main] DEBUG freemarker.cache  - TemplateLoader.findTemplateSource("spark/spark.spa_en.ftl"): Not found
[main] DEBUG freemarker.cache  - TemplateLoader.findTemplateSource("spark/spark.spa.ftl"): Found
[main] DEBUG freemarker.cache  - Loading template for "spark/spark.spa.ftl"("en_GB", UTF-8, parsed) from "jar:file:/Users/mkr/.m2/repository/com/aventstack/extentreports/5.0.8/extentreports-5.0.8.jar!/com/aventstack/extentreports/templates/spark/spark.spa.ftl"
[main] DEBUG freemarker.cache  - Couldn't find template in cache for "commons/commons-variables.ftl"("en_GB", UTF-8, parsed); will try to load it.
[main] DEBUG freemarker.cache  - TemplateLoader.findTemplateSource("commons/commons-variables_en_GB.ftl"): Not found
[main] DEBUG freemarker.cache  - TemplateLoader.findTemplateSource("commons/commons-variables_en.ftl"): Not found
[main] DEBUG freemarker.cache  - TemplateLoader.findTemplateSource("commons/commons-variables.ftl"): Found
[main] DEBUG freemarker.cache  - Loading template for "commons/commons-variables.ftl"("en_GB", UTF-8, parsed) from "jar:file:/Users/mkr/.m2/repository/com/aventstack/extentreports/5.0.8/extentreports-5.0.8.jar!/com/aventstack/extentreports/templates/commons/commons-variables.ftl"
[main] DEBUG freemarker.cache  - Couldn't find template in cache for "commons/commons-macros.ftl"("en_GB", UTF-8, parsed); will try to load it.
[main] DEBUG freemarker.cache  - TemplateLoader.findTemplateSource("commons/commons-macros_en_GB.ftl"): Not found
[main] DEBUG freemarker.cache  - TemplateLoader.findTemplateSource("commons/commons-macros_en.ftl"): Not found
[main] DEBUG freemarker.cache  - TemplateLoader.findTemplateSource("commons/commons-macros.ftl"): Found
[main] DEBUG freemarker.cache  - Loading template for "commons/commons-macros.ftl"("en_GB", UTF-8, parsed) from "jar:file:/Users/mkr/.m2/repository/com/aventstack/extentreports/5.0.8/extentreports-5.0.8.jar!/com/aventstack/extentreports/templates/commons/commons-macros.ftl"
[main] DEBUG freemarker.cache  - Couldn't find template in cache for "spark/macros/attributes.ftl"("en_GB", UTF-8, parsed); will try to load it.
[main] DEBUG freemarker.cache  - TemplateLoader.findTemplateSource("spark/macros/attributes_en_GB.ftl"): Not found
[main] DEBUG freemarker.cache  - TemplateLoader.findTemplateSource("spark/macros/attributes_en.ftl"): Not found
[main] DEBUG freemarker.cache  - TemplateLoader.findTemplateSource("spark/macros/attributes.ftl"): Found
[main] DEBUG freemarker.cache  - Loading template for "spark/macros/attributes.ftl"("en_GB", UTF-8, parsed) from "jar:file:/Users/mkr/.m2/repository/com/aventstack/extentreports/5.0.8/extentreports-5.0.8.jar!/com/aventstack/extentreports/templates/spark/macros/attributes.ftl"
[main] DEBUG freemarker.cache  - Couldn't find template in cache for "spark/macros/log.ftl"("en_GB", UTF-8, parsed); will try to load it.
[main] DEBUG freemarker.cache  - TemplateLoader.findTemplateSource("spark/macros/log_en_GB.ftl"): Not found
[main] DEBUG freemarker.cache  - TemplateLoader.findTemplateSource("spark/macros/log_en.ftl"): Not found
[main] DEBUG freemarker.cache  - TemplateLoader.findTemplateSource("spark/macros/log.ftl"): Found
[main] DEBUG freemarker.cache  - Loading template for "spark/macros/log.ftl"("en_GB", UTF-8, parsed) from "jar:file:/Users/mkr/.m2/repository/com/aventstack/extentreports/5.0.8/extentreports-5.0.8.jar!/com/aventstack/extentreports/templates/spark/macros/log.ftl"
[main] DEBUG freemarker.cache  - Couldn't find template in cache for "spark/macros/recurse_nodes.ftl"("en_GB", UTF-8, parsed); will try to load it.
[main] DEBUG freemarker.cache  - TemplateLoader.findTemplateSource("spark/macros/recurse_nodes_en_GB.ftl"): Not found
[main] DEBUG freemarker.cache  - TemplateLoader.findTemplateSource("spark/macros/recurse_nodes_en.ftl"): Not found
[main] DEBUG freemarker.cache  - TemplateLoader.findTemplateSource("spark/macros/recurse_nodes.ftl"): Found
[main] DEBUG freemarker.cache  - Loading template for "spark/macros/recurse_nodes.ftl"("en_GB", UTF-8, parsed) from "jar:file:/Users/mkr/.m2/repository/com/aventstack/extentreports/5.0.8/extentreports-5.0.8.jar!/com/aventstack/extentreports/templates/spark/macros/recurse_nodes.ftl"
[main] DEBUG freemarker.cache  - "spark/macros/log.ftl"("en_GB", UTF-8, parsed) cached copy not yet stale; using cached.
[main] DEBUG freemarker.cache  - Couldn't find template in cache for "spark/macros/attr-common.ftl"("en_GB", UTF-8, parsed); will try to load it.
[main] DEBUG freemarker.cache  - TemplateLoader.findTemplateSource("spark/macros/attr-common_en_GB.ftl"): Not found
[main] DEBUG freemarker.cache  - TemplateLoader.findTemplateSource("spark/macros/attr-common_en.ftl"): Not found
[main] DEBUG freemarker.cache  - TemplateLoader.findTemplateSource("spark/macros/attr-common.ftl"): Found
[main] DEBUG freemarker.cache  - Loading template for "spark/macros/attr-common.ftl"("en_GB", UTF-8, parsed) from "jar:file:/Users/mkr/.m2/repository/com/aventstack/extentreports/5.0.8/extentreports-5.0.8.jar!/com/aventstack/extentreports/templates/spark/macros/attr-common.ftl"
[main] DEBUG freemarker.cache  - Couldn't find template in cache for "spark/partials/head.ftl"("en_GB", UTF-8, parsed); will try to load it.
[main] DEBUG freemarker.cache  - TemplateLoader.findTemplateSource("spark/partials/head_en_GB.ftl"): Not found
[main] DEBUG freemarker.cache  - TemplateLoader.findTemplateSource("spark/partials/head_en.ftl"): Not found
[main] DEBUG freemarker.cache  - TemplateLoader.findTemplateSource("spark/partials/head.ftl"): Found
[main] DEBUG freemarker.cache  - Loading template for "spark/partials/head.ftl"("en_GB", UTF-8, parsed) from "jar:file:/Users/mkr/.m2/repository/com/aventstack/extentreports/5.0.8/extentreports-5.0.8.jar!/com/aventstack/extentreports/templates/spark/partials/head.ftl"
[main] DEBUG freemarker.cache  - Couldn't find template in cache for "commons/commons-inject-css.ftl"("en_GB", UTF-8, parsed); will try to load it.
[main] DEBUG freemarker.cache  - TemplateLoader.findTemplateSource("commons/commons-inject-css_en_GB.ftl"): Not found
[main] DEBUG freemarker.cache  - TemplateLoader.findTemplateSource("commons/commons-inject-css_en.ftl"): Not found
[main] DEBUG freemarker.cache  - TemplateLoader.findTemplateSource("commons/commons-inject-css.ftl"): Found
[main] DEBUG freemarker.cache  - Loading template for "commons/commons-inject-css.ftl"("en_GB", UTF-8, parsed) from "jar:file:/Users/mkr/.m2/repository/com/aventstack/extentreports/5.0.8/extentreports-5.0.8.jar!/com/aventstack/extentreports/templates/commons/commons-inject-css.ftl"
[main] DEBUG freemarker.cache  - Couldn't find template in cache for "spark/partials/navbar.ftl"("en_GB", UTF-8, parsed); will try to load it.
[main] DEBUG freemarker.cache  - TemplateLoader.findTemplateSource("spark/partials/navbar_en_GB.ftl"): Not found
[main] DEBUG freemarker.cache  - TemplateLoader.findTemplateSource("spark/partials/navbar_en.ftl"): Not found
[main] DEBUG freemarker.cache  - TemplateLoader.findTemplateSource("spark/partials/navbar.ftl"): Found
[main] DEBUG freemarker.cache  - Loading template for "spark/partials/navbar.ftl"("en_GB", UTF-8, parsed) from "jar:file:/Users/mkr/.m2/repository/com/aventstack/extentreports/5.0.8/extentreports-5.0.8.jar!/com/aventstack/extentreports/templates/spark/partials/navbar.ftl"
[main] DEBUG freemarker.cache  - Couldn't find template in cache for "spark/partials/sidenav.ftl"("en_GB", UTF-8, parsed); will try to load it.
[main] DEBUG freemarker.cache  - TemplateLoader.findTemplateSource("spark/partials/sidenav_en_GB.ftl"): Not found
[main] DEBUG freemarker.cache  - TemplateLoader.findTemplateSource("spark/partials/sidenav_en.ftl"): Not found
[main] DEBUG freemarker.cache  - TemplateLoader.findTemplateSource("spark/partials/sidenav.ftl"): Found
[main] DEBUG freemarker.cache  - Loading template for "spark/partials/sidenav.ftl"("en_GB", UTF-8, parsed) from "jar:file:/Users/mkr/.m2/repository/com/aventstack/extentreports/5.0.8/extentreports-5.0.8.jar!/com/aventstack/extentreports/templates/spark/partials/sidenav.ftl"
[main] DEBUG freemarker.cache  - Couldn't find template in cache for "spark/partials/test.ftl"("en_GB", UTF-8, parsed); will try to load it.
[main] DEBUG freemarker.cache  - TemplateLoader.findTemplateSource("spark/partials/test_en_GB.ftl"): Not found
[main] DEBUG freemarker.cache  - TemplateLoader.findTemplateSource("spark/partials/test_en.ftl"): Not found
[main] DEBUG freemarker.cache  - TemplateLoader.findTemplateSource("spark/partials/test.ftl"): Found
[main] DEBUG freemarker.cache  - Loading template for "spark/partials/test.ftl"("en_GB", UTF-8, parsed) from "jar:file:/Users/mkr/.m2/repository/com/aventstack/extentreports/5.0.8/extentreports-5.0.8.jar!/com/aventstack/extentreports/templates/spark/partials/test.ftl"
[main] DEBUG freemarker.cache  - Couldn't find template in cache for "spark/partials/standard-content.ftl"("en_GB", UTF-8, parsed); will try to load it.
[main] DEBUG freemarker.cache  - TemplateLoader.findTemplateSource("spark/partials/standard-content_en_GB.ftl"): Not found
[main] DEBUG freemarker.cache  - TemplateLoader.findTemplateSource("spark/partials/standard-content_en.ftl"): Not found
[main] DEBUG freemarker.cache  - TemplateLoader.findTemplateSource("spark/partials/standard-content.ftl"): Found
[main] DEBUG freemarker.cache  - Loading template for "spark/partials/standard-content.ftl"("en_GB", UTF-8, parsed) from "jar:file:/Users/mkr/.m2/repository/com/aventstack/extentreports/5.0.8/extentreports-5.0.8.jar!/com/aventstack/extentreports/templates/spark/partials/standard-content.ftl"
[main] DEBUG freemarker.cache  - Couldn't find template in cache for "spark/partials/exception.ftl"("en_GB", UTF-8, parsed); will try to load it.
[main] DEBUG freemarker.cache  - TemplateLoader.findTemplateSource("spark/partials/exception_en_GB.ftl"): Not found
[main] DEBUG freemarker.cache  - TemplateLoader.findTemplateSource("spark/partials/exception_en.ftl"): Not found
[main] DEBUG freemarker.cache  - TemplateLoader.findTemplateSource("spark/partials/exception.ftl"): Found
[main] DEBUG freemarker.cache  - Loading template for "spark/partials/exception.ftl"("en_GB", UTF-8, parsed) from "jar:file:/Users/mkr/.m2/repository/com/aventstack/extentreports/5.0.8/extentreports-5.0.8.jar!/com/aventstack/extentreports/templates/spark/partials/exception.ftl"
[main] DEBUG freemarker.cache  - Couldn't find template in cache for "spark/partials/category.ftl"("en_GB", UTF-8, parsed); will try to load it.
[main] DEBUG freemarker.cache  - TemplateLoader.findTemplateSource("spark/partials/category_en_GB.ftl"): Not found
[main] DEBUG freemarker.cache  - TemplateLoader.findTemplateSource("spark/partials/category_en.ftl"): Not found
[main] DEBUG freemarker.cache  - TemplateLoader.findTemplateSource("spark/partials/category.ftl"): Found
[main] DEBUG freemarker.cache  - Loading template for "spark/partials/category.ftl"("en_GB", UTF-8, parsed) from "jar:file:/Users/mkr/.m2/repository/com/aventstack/extentreports/5.0.8/extentreports-5.0.8.jar!/com/aventstack/extentreports/templates/spark/partials/category.ftl"
[main] DEBUG freemarker.cache  - Couldn't find template in cache for "spark/partials/device.ftl"("en_GB", UTF-8, parsed); will try to load it.
[main] DEBUG freemarker.cache  - TemplateLoader.findTemplateSource("spark/partials/device_en_GB.ftl"): Not found
[main] DEBUG freemarker.cache  - TemplateLoader.findTemplateSource("spark/partials/device_en.ftl"): Not found
[main] DEBUG freemarker.cache  - TemplateLoader.findTemplateSource("spark/partials/device.ftl"): Found
[main] DEBUG freemarker.cache  - Loading template for "spark/partials/device.ftl"("en_GB", UTF-8, parsed) from "jar:file:/Users/mkr/.m2/repository/com/aventstack/extentreports/5.0.8/extentreports-5.0.8.jar!/com/aventstack/extentreports/templates/spark/partials/device.ftl"
[main] DEBUG freemarker.cache  - Couldn't find template in cache for "spark/partials/author.ftl"("en_GB", UTF-8, parsed); will try to load it.
[main] DEBUG freemarker.cache  - TemplateLoader.findTemplateSource("spark/partials/author_en_GB.ftl"): Not found
[main] DEBUG freemarker.cache  - TemplateLoader.findTemplateSource("spark/partials/author_en.ftl"): Not found
[main] DEBUG freemarker.cache  - TemplateLoader.findTemplateSource("spark/partials/author.ftl"): Found
[main] DEBUG freemarker.cache  - Loading template for "spark/partials/author.ftl"("en_GB", UTF-8, parsed) from "jar:file:/Users/mkr/.m2/repository/com/aventstack/extentreports/5.0.8/extentreports-5.0.8.jar!/com/aventstack/extentreports/templates/spark/partials/author.ftl"
[main] DEBUG freemarker.cache  - Couldn't find template in cache for "spark/partials/log.ftl"("en_GB", UTF-8, parsed); will try to load it.
[main] DEBUG freemarker.cache  - TemplateLoader.findTemplateSource("spark/partials/log_en_GB.ftl"): Not found
[main] DEBUG freemarker.cache  - TemplateLoader.findTemplateSource("spark/partials/log_en.ftl"): Not found
[main] DEBUG freemarker.cache  - TemplateLoader.findTemplateSource("spark/partials/log.ftl"): Found
[main] DEBUG freemarker.cache  - Loading template for "spark/partials/log.ftl"("en_GB", UTF-8, parsed) from "jar:file:/Users/mkr/.m2/repository/com/aventstack/extentreports/5.0.8/extentreports-5.0.8.jar!/com/aventstack/extentreports/templates/spark/partials/log.ftl"
[main] DEBUG freemarker.cache  - Couldn't find template in cache for "spark/partials/dashboard.ftl"("en_GB", UTF-8, parsed); will try to load it.
[main] DEBUG freemarker.cache  - TemplateLoader.findTemplateSource("spark/partials/dashboard_en_GB.ftl"): Not found
[main] DEBUG freemarker.cache  - TemplateLoader.findTemplateSource("spark/partials/dashboard_en.ftl"): Not found
[main] DEBUG freemarker.cache  - TemplateLoader.findTemplateSource("spark/partials/dashboard.ftl"): Found
[main] DEBUG freemarker.cache  - Loading template for "spark/partials/dashboard.ftl"("en_GB", UTF-8, parsed) from "jar:file:/Users/mkr/.m2/repository/com/aventstack/extentreports/5.0.8/extentreports-5.0.8.jar!/com/aventstack/extentreports/templates/spark/partials/dashboard.ftl"
[main] DEBUG freemarker.cache  - Couldn't find template in cache for "spark/partials/scripts.ftl"("en_GB", UTF-8, parsed); will try to load it.
[main] DEBUG freemarker.cache  - TemplateLoader.findTemplateSource("spark/partials/scripts_en_GB.ftl"): Not found
[main] DEBUG freemarker.cache  - TemplateLoader.findTemplateSource("spark/partials/scripts_en.ftl"): Not found
[main] DEBUG freemarker.cache  - TemplateLoader.findTemplateSource("spark/partials/scripts.ftl"): Found
[main] DEBUG freemarker.cache  - Loading template for "spark/partials/scripts.ftl"("en_GB", UTF-8, parsed) from "jar:file:/Users/mkr/.m2/repository/com/aventstack/extentreports/5.0.8/extentreports-5.0.8.jar!/com/aventstack/extentreports/templates/spark/partials/scripts.ftl"
[main] DEBUG freemarker.cache  - Couldn't find template in cache for "commons/commons-inject-js.ftl"("en_GB", UTF-8, parsed); will try to load it.
[main] DEBUG freemarker.cache  - TemplateLoader.findTemplateSource("commons/commons-inject-js_en_GB.ftl"): Not found
[main] DEBUG freemarker.cache  - TemplateLoader.findTemplateSource("commons/commons-inject-js_en.ftl"): Not found
[main] DEBUG freemarker.cache  - TemplateLoader.findTemplateSource("commons/commons-inject-js.ftl"): Found
[main] DEBUG freemarker.cache  - Loading template for "commons/commons-inject-js.ftl"("en_GB", UTF-8, parsed) from "jar:file:/Users/mkr/.m2/repository/com/aventstack/extentreports/5.0.8/extentreports-5.0.8.jar!/com/aventstack/extentreports/templates/commons/commons-inject-js.ftl"
[AsyncHttpClient-1-2] DEBUG io.netty.buffer.PoolThreadCache  - Freed 11 thread-local buffer(s) from thread: AsyncHttpClient-1-2
[AsyncHttpClient-1-3] DEBUG io.netty.buffer.PoolThreadCache  - Freed 2 thread-local buffer(s) from thread: AsyncHttpClient-1-3
[main] DEBUG io.netty.util.internal.logging.InternalLoggerFactory  - Using Log4J as the default logging framework
[main] DEBUG io.netty.util.ResourceLeakDetector  - -Dio.netty.leakDetection.level: simple
[main] DEBUG io.netty.util.ResourceLeakDetector  - -Dio.netty.leakDetection.targetRecords: 4
[main] DEBUG io.netty.util.ResourceLeakDetectorFactory  - Loaded default ResourceLeakDetector: io.netty.util.ResourceLeakDetector@e98770d
[main] DEBUG io.netty.util.internal.PlatformDependent  - Platform: MacOS
[main] DEBUG io.netty.util.internal.PlatformDependent0  - -Dio.netty.noUnsafe: false
[main] DEBUG io.netty.util.internal.PlatformDependent0  - Java version: 8
[main] DEBUG io.netty.util.internal.PlatformDependent0  - sun.misc.Unsafe.theUnsafe: available
[main] DEBUG io.netty.util.internal.PlatformDependent0  - sun.misc.Unsafe.copyMemory: available
[main] DEBUG io.netty.util.internal.PlatformDependent0  - java.nio.Buffer.address: available
[main] DEBUG io.netty.util.internal.PlatformDependent0  - direct buffer constructor: available
[main] DEBUG io.netty.util.internal.PlatformDependent0  - java.nio.Bits.unaligned: available, true
[main] DEBUG io.netty.util.internal.PlatformDependent0  - jdk.internal.misc.Unsafe.allocateUninitializedArray(int): unavailable prior to Java9
[main] DEBUG io.netty.util.internal.PlatformDependent0  - java.nio.DirectByteBuffer.<init>(long, int): available
[main] DEBUG io.netty.util.internal.PlatformDependent  - sun.misc.Unsafe: available
[main] DEBUG io.netty.util.internal.PlatformDependent  - -Dio.netty.tmpdir: /var/folders/hm/qxwbw5x95cx8rhrvqw47c6dw0000gn/T (java.io.tmpdir)
[main] DEBUG io.netty.util.internal.PlatformDependent  - -Dio.netty.bitMode: 64 (sun.arch.data.model)
[main] DEBUG io.netty.util.internal.PlatformDependent  - -Dio.netty.maxDirectMemory: 1908932608 bytes
[main] DEBUG io.netty.util.internal.PlatformDependent  - -Dio.netty.uninitializedArrayAllocationThreshold: -1
[main] DEBUG io.netty.util.internal.CleanerJava6  - java.nio.ByteBuffer.cleaner(): available
[main] DEBUG io.netty.util.internal.PlatformDependent  - -Dio.netty.noPreferDirect: false
[main] DEBUG io.netty.util.internal.PlatformDependent  - org.jctools-core.MpscChunkedArrayQueue: available
[main] DEBUG io.netty.util.internal.InternalThreadLocalMap  - -Dio.netty.threadLocalMap.stringBuilder.initialSize: 1024
[main] DEBUG io.netty.util.internal.InternalThreadLocalMap  - -Dio.netty.threadLocalMap.stringBuilder.maxSize: 4096
[main] DEBUG io.netty.handler.ssl.JdkSslContext  - Default protocols (JDK): [TLSv1.2, TLSv1.1, TLSv1] 
[main] DEBUG io.netty.handler.ssl.JdkSslContext  - Default cipher suites (JDK): [TLS_ECDHE_ECDSA_WITH_AES_256_GCM_SHA384, TLS_ECDHE_ECDSA_WITH_AES_128_GCM_SHA256, TLS_ECDHE_RSA_WITH_AES_128_GCM_SHA256, TLS_ECDHE_RSA_WITH_AES_256_GCM_SHA384, TLS_ECDHE_RSA_WITH_AES_128_CBC_SHA, TLS_ECDHE_RSA_WITH_AES_256_CBC_SHA, TLS_RSA_WITH_AES_128_GCM_SHA256, TLS_RSA_WITH_AES_128_CBC_SHA, TLS_RSA_WITH_AES_256_CBC_SHA]
[main] DEBUG io.netty.channel.MultithreadEventLoopGroup  - -Dio.netty.eventLoopThreads: 8
[main] DEBUG io.netty.channel.nio.NioEventLoop  - -Dio.netty.noKeySetOptimization: false
[main] DEBUG io.netty.channel.nio.NioEventLoop  - -Dio.netty.selectorAutoRebuildThreshold: 512
[main] DEBUG io.netty.buffer.PooledByteBufAllocator  - -Dio.netty.allocator.numHeapArenas: 8
[main] DEBUG io.netty.buffer.PooledByteBufAllocator  - -Dio.netty.allocator.numDirectArenas: 8
[main] DEBUG io.netty.buffer.PooledByteBufAllocator  - -Dio.netty.allocator.pageSize: 8192
[main] DEBUG io.netty.buffer.PooledByteBufAllocator  - -Dio.netty.allocator.maxOrder: 11
[main] DEBUG io.netty.buffer.PooledByteBufAllocator  - -Dio.netty.allocator.chunkSize: 16777216
[main] DEBUG io.netty.buffer.PooledByteBufAllocator  - -Dio.netty.allocator.smallCacheSize: 256
[main] DEBUG io.netty.buffer.PooledByteBufAllocator  - -Dio.netty.allocator.normalCacheSize: 64
[main] DEBUG io.netty.buffer.PooledByteBufAllocator  - -Dio.netty.allocator.maxCachedBufferCapacity: 32768
[main] DEBUG io.netty.buffer.PooledByteBufAllocator  - -Dio.netty.allocator.cacheTrimInterval: 8192
[main] DEBUG io.netty.buffer.PooledByteBufAllocator  - -Dio.netty.allocator.cacheTrimIntervalMillis: 0
[main] DEBUG io.netty.buffer.PooledByteBufAllocator  - -Dio.netty.allocator.useCacheForAllThreads: true
[main] DEBUG io.netty.buffer.PooledByteBufAllocator  - -Dio.netty.allocator.maxCachedByteBuffersPerChunk: 1023
[main] DEBUG io.netty.buffer.ByteBufUtil  - -Dio.netty.allocator.type: pooled
[main] DEBUG io.netty.buffer.ByteBufUtil  - -Dio.netty.threadLocalDirectBufferSize: 0
[main] DEBUG io.netty.buffer.ByteBufUtil  - -Dio.netty.maxThreadLocalCharBufferSize: 16384
[Forwarding newSession on session null to remote] DEBUG io.netty.channel.DefaultChannelId  - -Dio.netty.processId: 4297 (auto-detected)
[Forwarding newSession on session null to remote] DEBUG io.netty.util.NetUtil  - -Djava.net.preferIPv4Stack: false
[Forwarding newSession on session null to remote] DEBUG io.netty.util.NetUtil  - -Djava.net.preferIPv6Addresses: false
[Forwarding newSession on session null to remote] DEBUG io.netty.util.NetUtil  - Loopback interface: lo0 (lo0, 0:0:0:0:0:0:0:1%lo0)
[Forwarding newSession on session null to remote] DEBUG io.netty.util.NetUtil  - Failed to get SOMAXCONN from sysctl and file /proc/sys/net/core/somaxconn. Default: 128
[Forwarding newSession on session null to remote] DEBUG io.netty.channel.DefaultChannelId  - -Dio.netty.machineId: 60:30:d4:ff:fe:86:66:90 (auto-detected)
[AsyncHttpClient-1-2] DEBUG io.netty.buffer.AbstractByteBuf  - -Dio.netty.buffer.checkAccessible: true
[AsyncHttpClient-1-2] DEBUG io.netty.buffer.AbstractByteBuf  - -Dio.netty.buffer.checkBounds: true
[AsyncHttpClient-1-2] DEBUG io.netty.util.ResourceLeakDetectorFactory  - Loaded default ResourceLeakDetector: io.netty.util.ResourceLeakDetector@761489e1
[AsyncHttpClient-1-2] DEBUG io.netty.util.Recycler  - -Dio.netty.recycler.maxCapacityPerThread: 4096
[AsyncHttpClient-1-2] DEBUG io.netty.util.Recycler  - -Dio.netty.recycler.maxSharedCapacityFactor: 2
[AsyncHttpClient-1-2] DEBUG io.netty.util.Recycler  - -Dio.netty.recycler.linkCapacity: 16
[AsyncHttpClient-1-2] DEBUG io.netty.util.Recycler  - -Dio.netty.recycler.ratio: 8
[AsyncHttpClient-1-2] DEBUG io.netty.util.Recycler  - -Dio.netty.recycler.delayedQueue.ratio: 8
[main] DEBUG io.netty.util.internal.ThreadLocalRandom  - -Dio.netty.initialSeedUniquifier: 0x2b28e93357b99450
[main] INFO  com.selenium.testCases.TC_LoginTest_001  - url open
[main] INFO  com.selenium.testCases.TC_LoginTest_001  - usernam entered
[main] INFO  com.selenium.testCases.TC_LoginTest_001  - password entered
[main] INFO  com.selenium.testCases.TC_LoginTest_001  - butn clicked
[main] DEBUG freemarker.cache  - Couldn't find template in cache for "spark/spark.spa.ftl"("en_GB", UTF-8, parsed); will try to load it.
[main] DEBUG freemarker.cache  - TemplateLoader.findTemplateSource("spark/spark.spa_en_GB.ftl"): Not found
[main] DEBUG freemarker.cache  - TemplateLoader.findTemplateSource("spark/spark.spa_en.ftl"): Not found
[main] DEBUG freemarker.cache  - TemplateLoader.findTemplateSource("spark/spark.spa.ftl"): Found
[main] DEBUG freemarker.cache  - Loading template for "spark/spark.spa.ftl"("en_GB", UTF-8, parsed) from "jar:file:/Users/mkr/.m2/repository/com/aventstack/extentreports/5.0.8/extentreports-5.0.8.jar!/com/aventstack/extentreports/templates/spark/spark.spa.ftl"
[main] DEBUG freemarker.cache  - Couldn't find template in cache for "commons/commons-variables.ftl"("en_GB", UTF-8, parsed); will try to load it.
[main] DEBUG freemarker.cache  - TemplateLoader.findTemplateSource("commons/commons-variables_en_GB.ftl"): Not found
[main] DEBUG freemarker.cache  - TemplateLoader.findTemplateSource("commons/commons-variables_en.ftl"): Not found
[main] DEBUG freemarker.cache  - TemplateLoader.findTemplateSource("commons/commons-variables.ftl"): Found
[main] DEBUG freemarker.cache  - Loading template for "commons/commons-variables.ftl"("en_GB", UTF-8, parsed) from "jar:file:/Users/mkr/.m2/repository/com/aventstack/extentreports/5.0.8/extentreports-5.0.8.jar!/com/aventstack/extentreports/templates/commons/commons-variables.ftl"
[main] DEBUG freemarker.cache  - Couldn't find template in cache for "commons/commons-macros.ftl"("en_GB", UTF-8, parsed); will try to load it.
[main] DEBUG freemarker.cache  - TemplateLoader.findTemplateSource("commons/commons-macros_en_GB.ftl"): Not found
[main] DEBUG freemarker.cache  - TemplateLoader.findTemplateSource("commons/commons-macros_en.ftl"): Not found
[main] DEBUG freemarker.cache  - TemplateLoader.findTemplateSource("commons/commons-macros.ftl"): Found
[main] DEBUG freemarker.cache  - Loading template for "commons/commons-macros.ftl"("en_GB", UTF-8, parsed) from "jar:file:/Users/mkr/.m2/repository/com/aventstack/extentreports/5.0.8/extentreports-5.0.8.jar!/com/aventstack/extentreports/templates/commons/commons-macros.ftl"
[main] DEBUG freemarker.cache  - Couldn't find template in cache for "spark/macros/attributes.ftl"("en_GB", UTF-8, parsed); will try to load it.
[main] DEBUG freemarker.cache  - TemplateLoader.findTemplateSource("spark/macros/attributes_en_GB.ftl"): Not found
[main] DEBUG freemarker.cache  - TemplateLoader.findTemplateSource("spark/macros/attributes_en.ftl"): Not found
[main] DEBUG freemarker.cache  - TemplateLoader.findTemplateSource("spark/macros/attributes.ftl"): Found
[main] DEBUG freemarker.cache  - Loading template for "spark/macros/attributes.ftl"("en_GB", UTF-8, parsed) from "jar:file:/Users/mkr/.m2/repository/com/aventstack/extentreports/5.0.8/extentreports-5.0.8.jar!/com/aventstack/extentreports/templates/spark/macros/attributes.ftl"
[main] DEBUG freemarker.cache  - Couldn't find template in cache for "spark/macros/log.ftl"("en_GB", UTF-8, parsed); will try to load it.
[main] DEBUG freemarker.cache  - TemplateLoader.findTemplateSource("spark/macros/log_en_GB.ftl"): Not found
[main] DEBUG freemarker.cache  - TemplateLoader.findTemplateSource("spark/macros/log_en.ftl"): Not found
[main] DEBUG freemarker.cache  - TemplateLoader.findTemplateSource("spark/macros/log.ftl"): Found
[main] DEBUG freemarker.cache  - Loading template for "spark/macros/log.ftl"("en_GB", UTF-8, parsed) from "jar:file:/Users/mkr/.m2/repository/com/aventstack/extentreports/5.0.8/extentreports-5.0.8.jar!/com/aventstack/extentreports/templates/spark/macros/log.ftl"
[main] DEBUG freemarker.cache  - Couldn't find template in cache for "spark/macros/recurse_nodes.ftl"("en_GB", UTF-8, parsed); will try to load it.
[main] DEBUG freemarker.cache  - TemplateLoader.findTemplateSource("spark/macros/recurse_nodes_en_GB.ftl"): Not found
[main] DEBUG freemarker.cache  - TemplateLoader.findTemplateSource("spark/macros/recurse_nodes_en.ftl"): Not found
[main] DEBUG freemarker.cache  - TemplateLoader.findTemplateSource("spark/macros/recurse_nodes.ftl"): Found
[main] DEBUG freemarker.cache  - Loading template for "spark/macros/recurse_nodes.ftl"("en_GB", UTF-8, parsed) from "jar:file:/Users/mkr/.m2/repository/com/aventstack/extentreports/5.0.8/extentreports-5.0.8.jar!/com/aventstack/extentreports/templates/spark/macros/recurse_nodes.ftl"
[main] DEBUG freemarker.cache  - "spark/macros/log.ftl"("en_GB", UTF-8, parsed) cached copy not yet stale; using cached.
[main] DEBUG freemarker.cache  - Couldn't find template in cache for "spark/macros/attr-common.ftl"("en_GB", UTF-8, parsed); will try to load it.
[main] DEBUG freemarker.cache  - TemplateLoader.findTemplateSource("spark/macros/attr-common_en_GB.ftl"): Not found
[main] DEBUG freemarker.cache  - TemplateLoader.findTemplateSource("spark/macros/attr-common_en.ftl"): Not found
[main] DEBUG freemarker.cache  - TemplateLoader.findTemplateSource("spark/macros/attr-common.ftl"): Found
[main] DEBUG freemarker.cache  - Loading template for "spark/macros/attr-common.ftl"("en_GB", UTF-8, parsed) from "jar:file:/Users/mkr/.m2/repository/com/aventstack/extentreports/5.0.8/extentreports-5.0.8.jar!/com/aventstack/extentreports/templates/spark/macros/attr-common.ftl"
[main] DEBUG freemarker.cache  - Couldn't find template in cache for "spark/partials/head.ftl"("en_GB", UTF-8, parsed); will try to load it.
[main] DEBUG freemarker.cache  - TemplateLoader.findTemplateSource("spark/partials/head_en_GB.ftl"): Not found
[main] DEBUG freemarker.cache  - TemplateLoader.findTemplateSource("spark/partials/head_en.ftl"): Not found
[main] DEBUG freemarker.cache  - TemplateLoader.findTemplateSource("spark/partials/head.ftl"): Found
[main] DEBUG freemarker.cache  - Loading template for "spark/partials/head.ftl"("en_GB", UTF-8, parsed) from "jar:file:/Users/mkr/.m2/repository/com/aventstack/extentreports/5.0.8/extentreports-5.0.8.jar!/com/aventstack/extentreports/templates/spark/partials/head.ftl"
[main] DEBUG freemarker.cache  - Couldn't find template in cache for "commons/commons-inject-css.ftl"("en_GB", UTF-8, parsed); will try to load it.
[main] DEBUG freemarker.cache  - TemplateLoader.findTemplateSource("commons/commons-inject-css_en_GB.ftl"): Not found
[main] DEBUG freemarker.cache  - TemplateLoader.findTemplateSource("commons/commons-inject-css_en.ftl"): Not found
[main] DEBUG freemarker.cache  - TemplateLoader.findTemplateSource("commons/commons-inject-css.ftl"): Found
[main] DEBUG freemarker.cache  - Loading template for "commons/commons-inject-css.ftl"("en_GB", UTF-8, parsed) from "jar:file:/Users/mkr/.m2/repository/com/aventstack/extentreports/5.0.8/extentreports-5.0.8.jar!/com/aventstack/extentreports/templates/commons/commons-inject-css.ftl"
[main] DEBUG freemarker.cache  - Couldn't find template in cache for "spark/partials/navbar.ftl"("en_GB", UTF-8, parsed); will try to load it.
[main] DEBUG freemarker.cache  - TemplateLoader.findTemplateSource("spark/partials/navbar_en_GB.ftl"): Not found
[main] DEBUG freemarker.cache  - TemplateLoader.findTemplateSource("spark/partials/navbar_en.ftl"): Not found
[main] DEBUG freemarker.cache  - TemplateLoader.findTemplateSource("spark/partials/navbar.ftl"): Found
[main] DEBUG freemarker.cache  - Loading template for "spark/partials/navbar.ftl"("en_GB", UTF-8, parsed) from "jar:file:/Users/mkr/.m2/repository/com/aventstack/extentreports/5.0.8/extentreports-5.0.8.jar!/com/aventstack/extentreports/templates/spark/partials/navbar.ftl"
[main] DEBUG freemarker.cache  - Couldn't find template in cache for "spark/partials/sidenav.ftl"("en_GB", UTF-8, parsed); will try to load it.
[main] DEBUG freemarker.cache  - TemplateLoader.findTemplateSource("spark/partials/sidenav_en_GB.ftl"): Not found
[main] DEBUG freemarker.cache  - TemplateLoader.findTemplateSource("spark/partials/sidenav_en.ftl"): Not found
[main] DEBUG freemarker.cache  - TemplateLoader.findTemplateSource("spark/partials/sidenav.ftl"): Found
[main] DEBUG freemarker.cache  - Loading template for "spark/partials/sidenav.ftl"("en_GB", UTF-8, parsed) from "jar:file:/Users/mkr/.m2/repository/com/aventstack/extentreports/5.0.8/extentreports-5.0.8.jar!/com/aventstack/extentreports/templates/spark/partials/sidenav.ftl"
[main] DEBUG freemarker.cache  - Couldn't find template in cache for "spark/partials/test.ftl"("en_GB", UTF-8, parsed); will try to load it.
[main] DEBUG freemarker.cache  - TemplateLoader.findTemplateSource("spark/partials/test_en_GB.ftl"): Not found
[main] DEBUG freemarker.cache  - TemplateLoader.findTemplateSource("spark/partials/test_en.ftl"): Not found
[main] DEBUG freemarker.cache  - TemplateLoader.findTemplateSource("spark/partials/test.ftl"): Found
[main] DEBUG freemarker.cache  - Loading template for "spark/partials/test.ftl"("en_GB", UTF-8, parsed) from "jar:file:/Users/mkr/.m2/repository/com/aventstack/extentreports/5.0.8/extentreports-5.0.8.jar!/com/aventstack/extentreports/templates/spark/partials/test.ftl"
[main] DEBUG freemarker.cache  - Couldn't find template in cache for "spark/partials/standard-content.ftl"("en_GB", UTF-8, parsed); will try to load it.
[main] DEBUG freemarker.cache  - TemplateLoader.findTemplateSource("spark/partials/standard-content_en_GB.ftl"): Not found
[main] DEBUG freemarker.cache  - TemplateLoader.findTemplateSource("spark/partials/standard-content_en.ftl"): Not found
[main] DEBUG freemarker.cache  - TemplateLoader.findTemplateSource("spark/partials/standard-content.ftl"): Found
[main] DEBUG freemarker.cache  - Loading template for "spark/partials/standard-content.ftl"("en_GB", UTF-8, parsed) from "jar:file:/Users/mkr/.m2/repository/com/aventstack/extentreports/5.0.8/extentreports-5.0.8.jar!/com/aventstack/extentreports/templates/spark/partials/standard-content.ftl"
[main] DEBUG freemarker.cache  - Couldn't find template in cache for "spark/partials/exception.ftl"("en_GB", UTF-8, parsed); will try to load it.
[main] DEBUG freemarker.cache  - TemplateLoader.findTemplateSource("spark/partials/exception_en_GB.ftl"): Not found
[main] DEBUG freemarker.cache  - TemplateLoader.findTemplateSource("spark/partials/exception_en.ftl"): Not found
[main] DEBUG freemarker.cache  - TemplateLoader.findTemplateSource("spark/partials/exception.ftl"): Found
[main] DEBUG freemarker.cache  - Loading template for "spark/partials/exception.ftl"("en_GB", UTF-8, parsed) from "jar:file:/Users/mkr/.m2/repository/com/aventstack/extentreports/5.0.8/extentreports-5.0.8.jar!/com/aventstack/extentreports/templates/spark/partials/exception.ftl"
[main] DEBUG freemarker.cache  - Couldn't find template in cache for "spark/partials/category.ftl"("en_GB", UTF-8, parsed); will try to load it.
[main] DEBUG freemarker.cache  - TemplateLoader.findTemplateSource("spark/partials/category_en_GB.ftl"): Not found
[main] DEBUG freemarker.cache  - TemplateLoader.findTemplateSource("spark/partials/category_en.ftl"): Not found
[main] DEBUG freemarker.cache  - TemplateLoader.findTemplateSource("spark/partials/category.ftl"): Found
[main] DEBUG freemarker.cache  - Loading template for "spark/partials/category.ftl"("en_GB", UTF-8, parsed) from "jar:file:/Users/mkr/.m2/repository/com/aventstack/extentreports/5.0.8/extentreports-5.0.8.jar!/com/aventstack/extentreports/templates/spark/partials/category.ftl"
[main] DEBUG freemarker.cache  - Couldn't find template in cache for "spark/partials/device.ftl"("en_GB", UTF-8, parsed); will try to load it.
[main] DEBUG freemarker.cache  - TemplateLoader.findTemplateSource("spark/partials/device_en_GB.ftl"): Not found
[main] DEBUG freemarker.cache  - TemplateLoader.findTemplateSource("spark/partials/device_en.ftl"): Not found
[main] DEBUG freemarker.cache  - TemplateLoader.findTemplateSource("spark/partials/device.ftl"): Found
[main] DEBUG freemarker.cache  - Loading template for "spark/partials/device.ftl"("en_GB", UTF-8, parsed) from "jar:file:/Users/mkr/.m2/repository/com/aventstack/extentreports/5.0.8/extentreports-5.0.8.jar!/com/aventstack/extentreports/templates/spark/partials/device.ftl"
[main] DEBUG freemarker.cache  - Couldn't find template in cache for "spark/partials/author.ftl"("en_GB", UTF-8, parsed); will try to load it.
[main] DEBUG freemarker.cache  - TemplateLoader.findTemplateSource("spark/partials/author_en_GB.ftl"): Not found
[main] DEBUG freemarker.cache  - TemplateLoader.findTemplateSource("spark/partials/author_en.ftl"): Not found
[main] DEBUG freemarker.cache  - TemplateLoader.findTemplateSource("spark/partials/author.ftl"): Found
[main] DEBUG freemarker.cache  - Loading template for "spark/partials/author.ftl"("en_GB", UTF-8, parsed) from "jar:file:/Users/mkr/.m2/repository/com/aventstack/extentreports/5.0.8/extentreports-5.0.8.jar!/com/aventstack/extentreports/templates/spark/partials/author.ftl"
[main] DEBUG freemarker.cache  - Couldn't find template in cache for "spark/partials/log.ftl"("en_GB", UTF-8, parsed); will try to load it.
[main] DEBUG freemarker.cache  - TemplateLoader.findTemplateSource("spark/partials/log_en_GB.ftl"): Not found
[main] DEBUG freemarker.cache  - TemplateLoader.findTemplateSource("spark/partials/log_en.ftl"): Not found
[main] DEBUG freemarker.cache  - TemplateLoader.findTemplateSource("spark/partials/log.ftl"): Found
[main] DEBUG freemarker.cache  - Loading template for "spark/partials/log.ftl"("en_GB", UTF-8, parsed) from "jar:file:/Users/mkr/.m2/repository/com/aventstack/extentreports/5.0.8/extentreports-5.0.8.jar!/com/aventstack/extentreports/templates/spark/partials/log.ftl"
[main] DEBUG freemarker.cache  - Couldn't find template in cache for "spark/partials/dashboard.ftl"("en_GB", UTF-8, parsed); will try to load it.
[main] DEBUG freemarker.cache  - TemplateLoader.findTemplateSource("spark/partials/dashboard_en_GB.ftl"): Not found
[main] DEBUG freemarker.cache  - TemplateLoader.findTemplateSource("spark/partials/dashboard_en.ftl"): Not found
[main] DEBUG freemarker.cache  - TemplateLoader.findTemplateSource("spark/partials/dashboard.ftl"): Found
[main] DEBUG freemarker.cache  - Loading template for "spark/partials/dashboard.ftl"("en_GB", UTF-8, parsed) from "jar:file:/Users/mkr/.m2/repository/com/aventstack/extentreports/5.0.8/extentreports-5.0.8.jar!/com/aventstack/extentreports/templates/spark/partials/dashboard.ftl"
[main] DEBUG freemarker.cache  - Couldn't find template in cache for "spark/partials/scripts.ftl"("en_GB", UTF-8, parsed); will try to load it.
[main] DEBUG freemarker.cache  - TemplateLoader.findTemplateSource("spark/partials/scripts_en_GB.ftl"): Not found
[main] DEBUG freemarker.cache  - TemplateLoader.findTemplateSource("spark/partials/scripts_en.ftl"): Not found
[main] DEBUG freemarker.cache  - TemplateLoader.findTemplateSource("spark/partials/scripts.ftl"): Found
[main] DEBUG freemarker.cache  - Loading template for "spark/partials/scripts.ftl"("en_GB", UTF-8, parsed) from "jar:file:/Users/mkr/.m2/repository/com/aventstack/extentreports/5.0.8/extentreports-5.0.8.jar!/com/aventstack/extentreports/templates/spark/partials/scripts.ftl"
[main] DEBUG freemarker.cache  - Couldn't find template in cache for "commons/commons-inject-js.ftl"("en_GB", UTF-8, parsed); will try to load it.
[main] DEBUG freemarker.cache  - TemplateLoader.findTemplateSource("commons/commons-inject-js_en_GB.ftl"): Not found
[main] DEBUG freemarker.cache  - TemplateLoader.findTemplateSource("commons/commons-inject-js_en.ftl"): Not found
[main] DEBUG freemarker.cache  - TemplateLoader.findTemplateSource("commons/commons-inject-js.ftl"): Found
[main] DEBUG freemarker.cache  - Loading template for "commons/commons-inject-js.ftl"("en_GB", UTF-8, parsed) from "jar:file:/Users/mkr/.m2/repository/com/aventstack/extentreports/5.0.8/extentreports-5.0.8.jar!/com/aventstack/extentreports/templates/commons/commons-inject-js.ftl"
[AsyncHttpClient-1-3] DEBUG io.netty.buffer.PoolThreadCache  - Freed 2 thread-local buffer(s) from thread: AsyncHttpClient-1-3
[main] DEBUG io.netty.util.internal.logging.InternalLoggerFactory  - Using Log4J as the default logging framework
[main] DEBUG io.netty.util.ResourceLeakDetector  - -Dio.netty.leakDetection.level: simple
[main] DEBUG io.netty.util.ResourceLeakDetector  - -Dio.netty.leakDetection.targetRecords: 4
[main] DEBUG io.netty.util.ResourceLeakDetectorFactory  - Loaded default ResourceLeakDetector: io.netty.util.ResourceLeakDetector@7fbdb894
[main] DEBUG io.netty.util.internal.PlatformDependent  - Platform: MacOS
[main] DEBUG io.netty.util.internal.PlatformDependent0  - -Dio.netty.noUnsafe: false
[main] DEBUG io.netty.util.internal.PlatformDependent0  - Java version: 8
[main] DEBUG io.netty.util.internal.PlatformDependent0  - sun.misc.Unsafe.theUnsafe: available
[main] DEBUG io.netty.util.internal.PlatformDependent0  - sun.misc.Unsafe.copyMemory: available
[main] DEBUG io.netty.util.internal.PlatformDependent0  - java.nio.Buffer.address: available
[main] DEBUG io.netty.util.internal.PlatformDependent0  - direct buffer constructor: available
[main] DEBUG io.netty.util.internal.PlatformDependent0  - java.nio.Bits.unaligned: available, true
[main] DEBUG io.netty.util.internal.PlatformDependent0  - jdk.internal.misc.Unsafe.allocateUninitializedArray(int): unavailable prior to Java9
[main] DEBUG io.netty.util.internal.PlatformDependent0  - java.nio.DirectByteBuffer.<init>(long, int): available
[main] DEBUG io.netty.util.internal.PlatformDependent  - sun.misc.Unsafe: available
[main] DEBUG io.netty.util.internal.PlatformDependent  - -Dio.netty.tmpdir: /var/folders/hm/qxwbw5x95cx8rhrvqw47c6dw0000gn/T (java.io.tmpdir)
[main] DEBUG io.netty.util.internal.PlatformDependent  - -Dio.netty.bitMode: 64 (sun.arch.data.model)
[main] DEBUG io.netty.util.internal.PlatformDependent  - -Dio.netty.maxDirectMemory: 1908932608 bytes
[main] DEBUG io.netty.util.internal.PlatformDependent  - -Dio.netty.uninitializedArrayAllocationThreshold: -1
[main] DEBUG io.netty.util.internal.CleanerJava6  - java.nio.ByteBuffer.cleaner(): available
[main] DEBUG io.netty.util.internal.PlatformDependent  - -Dio.netty.noPreferDirect: false
[main] DEBUG io.netty.util.internal.PlatformDependent  - org.jctools-core.MpscChunkedArrayQueue: available
[main] DEBUG io.netty.util.internal.InternalThreadLocalMap  - -Dio.netty.threadLocalMap.stringBuilder.initialSize: 1024
[main] DEBUG io.netty.util.internal.InternalThreadLocalMap  - -Dio.netty.threadLocalMap.stringBuilder.maxSize: 4096
[main] DEBUG io.netty.handler.ssl.JdkSslContext  - Default protocols (JDK): [TLSv1.2, TLSv1.1, TLSv1] 
[main] DEBUG io.netty.handler.ssl.JdkSslContext  - Default cipher suites (JDK): [TLS_ECDHE_ECDSA_WITH_AES_256_GCM_SHA384, TLS_ECDHE_ECDSA_WITH_AES_128_GCM_SHA256, TLS_ECDHE_RSA_WITH_AES_128_GCM_SHA256, TLS_ECDHE_RSA_WITH_AES_256_GCM_SHA384, TLS_ECDHE_RSA_WITH_AES_128_CBC_SHA, TLS_ECDHE_RSA_WITH_AES_256_CBC_SHA, TLS_RSA_WITH_AES_128_GCM_SHA256, TLS_RSA_WITH_AES_128_CBC_SHA, TLS_RSA_WITH_AES_256_CBC_SHA]
[main] DEBUG io.netty.channel.MultithreadEventLoopGroup  - -Dio.netty.eventLoopThreads: 8
[main] DEBUG io.netty.channel.nio.NioEventLoop  - -Dio.netty.noKeySetOptimization: false
[main] DEBUG io.netty.channel.nio.NioEventLoop  - -Dio.netty.selectorAutoRebuildThreshold: 512
[main] DEBUG io.netty.buffer.PooledByteBufAllocator  - -Dio.netty.allocator.numHeapArenas: 8
[main] DEBUG io.netty.buffer.PooledByteBufAllocator  - -Dio.netty.allocator.numDirectArenas: 8
[main] DEBUG io.netty.buffer.PooledByteBufAllocator  - -Dio.netty.allocator.pageSize: 8192
[main] DEBUG io.netty.buffer.PooledByteBufAllocator  - -Dio.netty.allocator.maxOrder: 11
[main] DEBUG io.netty.buffer.PooledByteBufAllocator  - -Dio.netty.allocator.chunkSize: 16777216
[main] DEBUG io.netty.buffer.PooledByteBufAllocator  - -Dio.netty.allocator.smallCacheSize: 256
[main] DEBUG io.netty.buffer.PooledByteBufAllocator  - -Dio.netty.allocator.normalCacheSize: 64
[main] DEBUG io.netty.buffer.PooledByteBufAllocator  - -Dio.netty.allocator.maxCachedBufferCapacity: 32768
[main] DEBUG io.netty.buffer.PooledByteBufAllocator  - -Dio.netty.allocator.cacheTrimInterval: 8192
[main] DEBUG io.netty.buffer.PooledByteBufAllocator  - -Dio.netty.allocator.cacheTrimIntervalMillis: 0
[main] DEBUG io.netty.buffer.PooledByteBufAllocator  - -Dio.netty.allocator.useCacheForAllThreads: true
[main] DEBUG io.netty.buffer.PooledByteBufAllocator  - -Dio.netty.allocator.maxCachedByteBuffersPerChunk: 1023
[main] DEBUG io.netty.buffer.ByteBufUtil  - -Dio.netty.allocator.type: pooled
[main] DEBUG io.netty.buffer.ByteBufUtil  - -Dio.netty.threadLocalDirectBufferSize: 0
[main] DEBUG io.netty.buffer.ByteBufUtil  - -Dio.netty.maxThreadLocalCharBufferSize: 16384
[Forwarding newSession on session null to remote] DEBUG io.netty.channel.DefaultChannelId  - -Dio.netty.processId: 4371 (auto-detected)
[Forwarding newSession on session null to remote] DEBUG io.netty.util.NetUtil  - -Djava.net.preferIPv4Stack: false
[Forwarding newSession on session null to remote] DEBUG io.netty.util.NetUtil  - -Djava.net.preferIPv6Addresses: false
[Forwarding newSession on session null to remote] DEBUG io.netty.util.NetUtil  - Loopback interface: lo0 (lo0, 0:0:0:0:0:0:0:1%lo0)
[Forwarding newSession on session null to remote] DEBUG io.netty.util.NetUtil  - Failed to get SOMAXCONN from sysctl and file /proc/sys/net/core/somaxconn. Default: 128
[Forwarding newSession on session null to remote] DEBUG io.netty.channel.DefaultChannelId  - -Dio.netty.machineId: 60:30:d4:ff:fe:86:66:90 (auto-detected)
[AsyncHttpClient-1-2] DEBUG io.netty.buffer.AbstractByteBuf  - -Dio.netty.buffer.checkAccessible: true
[AsyncHttpClient-1-2] DEBUG io.netty.buffer.AbstractByteBuf  - -Dio.netty.buffer.checkBounds: true
[AsyncHttpClient-1-2] DEBUG io.netty.util.ResourceLeakDetectorFactory  - Loaded default ResourceLeakDetector: io.netty.util.ResourceLeakDetector@6d8b00b7
[AsyncHttpClient-1-2] DEBUG io.netty.util.Recycler  - -Dio.netty.recycler.maxCapacityPerThread: 4096
[AsyncHttpClient-1-2] DEBUG io.netty.util.Recycler  - -Dio.netty.recycler.maxSharedCapacityFactor: 2
[AsyncHttpClient-1-2] DEBUG io.netty.util.Recycler  - -Dio.netty.recycler.linkCapacity: 16
[AsyncHttpClient-1-2] DEBUG io.netty.util.Recycler  - -Dio.netty.recycler.ratio: 8
[AsyncHttpClient-1-2] DEBUG io.netty.util.Recycler  - -Dio.netty.recycler.delayedQueue.ratio: 8
[main] DEBUG io.netty.util.internal.ThreadLocalRandom  - -Dio.netty.initialSeedUniquifier: 0x81c788d6f2c72e51
[main] INFO  com.selenium.testCases.TC_LoginTest_001  - url open
[main] INFO  com.selenium.testCases.TC_LoginTest_001  - usernam entered
[main] INFO  com.selenium.testCases.TC_LoginTest_001  - password entered
[main] INFO  com.selenium.testCases.TC_LoginTest_001  - butn clicked
[main] DEBUG io.netty.util.internal.logging.InternalLoggerFactory  - Using Log4J as the default logging framework
[main] DEBUG io.netty.util.ResourceLeakDetector  - -Dio.netty.leakDetection.level: simple
[main] DEBUG io.netty.util.ResourceLeakDetector  - -Dio.netty.leakDetection.targetRecords: 4
[main] DEBUG io.netty.util.ResourceLeakDetectorFactory  - Loaded default ResourceLeakDetector: io.netty.util.ResourceLeakDetector@7fbdb894
[main] DEBUG io.netty.util.internal.PlatformDependent  - Platform: MacOS
[main] DEBUG io.netty.util.internal.PlatformDependent0  - -Dio.netty.noUnsafe: false
[main] DEBUG io.netty.util.internal.PlatformDependent0  - Java version: 8
[main] DEBUG io.netty.util.internal.PlatformDependent0  - sun.misc.Unsafe.theUnsafe: available
[main] DEBUG io.netty.util.internal.PlatformDependent0  - sun.misc.Unsafe.copyMemory: available
[main] DEBUG io.netty.util.internal.PlatformDependent0  - java.nio.Buffer.address: available
[main] DEBUG io.netty.util.internal.PlatformDependent0  - direct buffer constructor: available
[main] DEBUG io.netty.util.internal.PlatformDependent0  - java.nio.Bits.unaligned: available, true
[main] DEBUG io.netty.util.internal.PlatformDependent0  - jdk.internal.misc.Unsafe.allocateUninitializedArray(int): unavailable prior to Java9
[main] DEBUG io.netty.util.internal.PlatformDependent0  - java.nio.DirectByteBuffer.<init>(long, int): available
[main] DEBUG io.netty.util.internal.PlatformDependent  - sun.misc.Unsafe: available
[main] DEBUG io.netty.util.internal.PlatformDependent  - -Dio.netty.tmpdir: /var/folders/hm/qxwbw5x95cx8rhrvqw47c6dw0000gn/T (java.io.tmpdir)
[main] DEBUG io.netty.util.internal.PlatformDependent  - -Dio.netty.bitMode: 64 (sun.arch.data.model)
[main] DEBUG io.netty.util.internal.PlatformDependent  - -Dio.netty.maxDirectMemory: 1908932608 bytes
[main] DEBUG io.netty.util.internal.PlatformDependent  - -Dio.netty.uninitializedArrayAllocationThreshold: -1
[main] DEBUG io.netty.util.internal.CleanerJava6  - java.nio.ByteBuffer.cleaner(): available
[main] DEBUG io.netty.util.internal.PlatformDependent  - -Dio.netty.noPreferDirect: false
[main] DEBUG io.netty.util.internal.PlatformDependent  - org.jctools-core.MpscChunkedArrayQueue: available
[main] DEBUG io.netty.util.internal.InternalThreadLocalMap  - -Dio.netty.threadLocalMap.stringBuilder.initialSize: 1024
[main] DEBUG io.netty.util.internal.InternalThreadLocalMap  - -Dio.netty.threadLocalMap.stringBuilder.maxSize: 4096
[main] DEBUG io.netty.handler.ssl.JdkSslContext  - Default protocols (JDK): [TLSv1.2, TLSv1.1, TLSv1] 
[main] DEBUG io.netty.handler.ssl.JdkSslContext  - Default cipher suites (JDK): [TLS_ECDHE_ECDSA_WITH_AES_256_GCM_SHA384, TLS_ECDHE_ECDSA_WITH_AES_128_GCM_SHA256, TLS_ECDHE_RSA_WITH_AES_128_GCM_SHA256, TLS_ECDHE_RSA_WITH_AES_256_GCM_SHA384, TLS_ECDHE_RSA_WITH_AES_128_CBC_SHA, TLS_ECDHE_RSA_WITH_AES_256_CBC_SHA, TLS_RSA_WITH_AES_128_GCM_SHA256, TLS_RSA_WITH_AES_128_CBC_SHA, TLS_RSA_WITH_AES_256_CBC_SHA]
[main] DEBUG io.netty.channel.MultithreadEventLoopGroup  - -Dio.netty.eventLoopThreads: 8
[main] DEBUG io.netty.channel.nio.NioEventLoop  - -Dio.netty.noKeySetOptimization: false
[main] DEBUG io.netty.channel.nio.NioEventLoop  - -Dio.netty.selectorAutoRebuildThreshold: 512
[main] DEBUG io.netty.buffer.PooledByteBufAllocator  - -Dio.netty.allocator.numHeapArenas: 8
[main] DEBUG io.netty.buffer.PooledByteBufAllocator  - -Dio.netty.allocator.numDirectArenas: 8
[main] DEBUG io.netty.buffer.PooledByteBufAllocator  - -Dio.netty.allocator.pageSize: 8192
[main] DEBUG io.netty.buffer.PooledByteBufAllocator  - -Dio.netty.allocator.maxOrder: 11
[main] DEBUG io.netty.buffer.PooledByteBufAllocator  - -Dio.netty.allocator.chunkSize: 16777216
[main] DEBUG io.netty.buffer.PooledByteBufAllocator  - -Dio.netty.allocator.smallCacheSize: 256
[main] DEBUG io.netty.buffer.PooledByteBufAllocator  - -Dio.netty.allocator.normalCacheSize: 64
[main] DEBUG io.netty.buffer.PooledByteBufAllocator  - -Dio.netty.allocator.maxCachedBufferCapacity: 32768
[main] DEBUG io.netty.buffer.PooledByteBufAllocator  - -Dio.netty.allocator.cacheTrimInterval: 8192
[main] DEBUG io.netty.buffer.PooledByteBufAllocator  - -Dio.netty.allocator.cacheTrimIntervalMillis: 0
[main] DEBUG io.netty.buffer.PooledByteBufAllocator  - -Dio.netty.allocator.useCacheForAllThreads: true
[main] DEBUG io.netty.buffer.PooledByteBufAllocator  - -Dio.netty.allocator.maxCachedByteBuffersPerChunk: 1023
[main] DEBUG io.netty.buffer.ByteBufUtil  - -Dio.netty.allocator.type: pooled
[main] DEBUG io.netty.buffer.ByteBufUtil  - -Dio.netty.threadLocalDirectBufferSize: 0
[main] DEBUG io.netty.buffer.ByteBufUtil  - -Dio.netty.maxThreadLocalCharBufferSize: 16384
[Forwarding newSession on session null to remote] DEBUG io.netty.channel.DefaultChannelId  - -Dio.netty.processId: 4426 (auto-detected)
[Forwarding newSession on session null to remote] DEBUG io.netty.util.NetUtil  - -Djava.net.preferIPv4Stack: false
[Forwarding newSession on session null to remote] DEBUG io.netty.util.NetUtil  - -Djava.net.preferIPv6Addresses: false
[Forwarding newSession on session null to remote] DEBUG io.netty.util.NetUtil  - Loopback interface: lo0 (lo0, 0:0:0:0:0:0:0:1%lo0)
[Forwarding newSession on session null to remote] DEBUG io.netty.util.NetUtil  - Failed to get SOMAXCONN from sysctl and file /proc/sys/net/core/somaxconn. Default: 128
[Forwarding newSession on session null to remote] DEBUG io.netty.channel.DefaultChannelId  - -Dio.netty.machineId: 60:30:d4:ff:fe:86:66:90 (auto-detected)
[AsyncHttpClient-1-2] DEBUG io.netty.buffer.AbstractByteBuf  - -Dio.netty.buffer.checkAccessible: true
[AsyncHttpClient-1-2] DEBUG io.netty.buffer.AbstractByteBuf  - -Dio.netty.buffer.checkBounds: true
[AsyncHttpClient-1-2] DEBUG io.netty.util.ResourceLeakDetectorFactory  - Loaded default ResourceLeakDetector: io.netty.util.ResourceLeakDetector@395e66c
[AsyncHttpClient-1-2] DEBUG io.netty.util.Recycler  - -Dio.netty.recycler.maxCapacityPerThread: 4096
[AsyncHttpClient-1-2] DEBUG io.netty.util.Recycler  - -Dio.netty.recycler.maxSharedCapacityFactor: 2
[AsyncHttpClient-1-2] DEBUG io.netty.util.Recycler  - -Dio.netty.recycler.linkCapacity: 16
[AsyncHttpClient-1-2] DEBUG io.netty.util.Recycler  - -Dio.netty.recycler.ratio: 8
[AsyncHttpClient-1-2] DEBUG io.netty.util.Recycler  - -Dio.netty.recycler.delayedQueue.ratio: 8
[main] DEBUG io.netty.util.internal.ThreadLocalRandom  - -Dio.netty.initialSeedUniquifier: 0xf40d9d57b2595d95
[main] INFO  com.selenium.testCases.TC_LoginTest_001  - url open
[main] INFO  com.selenium.testCases.TC_LoginTest_001  - usernam entered
[main] INFO  com.selenium.testCases.TC_LoginTest_001  - password entered
[main] INFO  com.selenium.testCases.TC_LoginTest_001  - butn clicked
[AsyncHttpClient-1-3] DEBUG io.netty.buffer.PoolThreadCache  - Freed 2 thread-local buffer(s) from thread: AsyncHttpClient-1-3
[main] DEBUG io.netty.util.internal.logging.InternalLoggerFactory  - Using Log4J as the default logging framework
[main] DEBUG io.netty.util.ResourceLeakDetector  - -Dio.netty.leakDetection.level: simple
[main] DEBUG io.netty.util.ResourceLeakDetector  - -Dio.netty.leakDetection.targetRecords: 4
[main] DEBUG io.netty.util.ResourceLeakDetectorFactory  - Loaded default ResourceLeakDetector: io.netty.util.ResourceLeakDetector@4b3ed2f0
[main] DEBUG io.netty.util.internal.PlatformDependent  - Platform: MacOS
[main] DEBUG io.netty.util.internal.PlatformDependent0  - -Dio.netty.noUnsafe: false
[main] DEBUG io.netty.util.internal.PlatformDependent0  - Java version: 8
[main] DEBUG io.netty.util.internal.PlatformDependent0  - sun.misc.Unsafe.theUnsafe: available
[main] DEBUG io.netty.util.internal.PlatformDependent0  - sun.misc.Unsafe.copyMemory: available
[main] DEBUG io.netty.util.internal.PlatformDependent0  - java.nio.Buffer.address: available
[main] DEBUG io.netty.util.internal.PlatformDependent0  - direct buffer constructor: available
[main] DEBUG io.netty.util.internal.PlatformDependent0  - java.nio.Bits.unaligned: available, true
[main] DEBUG io.netty.util.internal.PlatformDependent0  - jdk.internal.misc.Unsafe.allocateUninitializedArray(int): unavailable prior to Java9
[main] DEBUG io.netty.util.internal.PlatformDependent0  - java.nio.DirectByteBuffer.<init>(long, int): available
[main] DEBUG io.netty.util.internal.PlatformDependent  - sun.misc.Unsafe: available
[main] DEBUG io.netty.util.internal.PlatformDependent  - -Dio.netty.tmpdir: /var/folders/hm/qxwbw5x95cx8rhrvqw47c6dw0000gn/T (java.io.tmpdir)
[main] DEBUG io.netty.util.internal.PlatformDependent  - -Dio.netty.bitMode: 64 (sun.arch.data.model)
[main] DEBUG io.netty.util.internal.PlatformDependent  - -Dio.netty.maxDirectMemory: 1908932608 bytes
[main] DEBUG io.netty.util.internal.PlatformDependent  - -Dio.netty.uninitializedArrayAllocationThreshold: -1
[main] DEBUG io.netty.util.internal.CleanerJava6  - java.nio.ByteBuffer.cleaner(): available
[main] DEBUG io.netty.util.internal.PlatformDependent  - -Dio.netty.noPreferDirect: false
[main] DEBUG io.netty.util.internal.PlatformDependent  - org.jctools-core.MpscChunkedArrayQueue: available
[main] DEBUG io.netty.util.internal.InternalThreadLocalMap  - -Dio.netty.threadLocalMap.stringBuilder.initialSize: 1024
[main] DEBUG io.netty.util.internal.InternalThreadLocalMap  - -Dio.netty.threadLocalMap.stringBuilder.maxSize: 4096
[main] DEBUG io.netty.handler.ssl.JdkSslContext  - Default protocols (JDK): [TLSv1.2, TLSv1.1, TLSv1] 
[main] DEBUG io.netty.handler.ssl.JdkSslContext  - Default cipher suites (JDK): [TLS_ECDHE_ECDSA_WITH_AES_256_GCM_SHA384, TLS_ECDHE_ECDSA_WITH_AES_128_GCM_SHA256, TLS_ECDHE_RSA_WITH_AES_128_GCM_SHA256, TLS_ECDHE_RSA_WITH_AES_256_GCM_SHA384, TLS_ECDHE_RSA_WITH_AES_128_CBC_SHA, TLS_ECDHE_RSA_WITH_AES_256_CBC_SHA, TLS_RSA_WITH_AES_128_GCM_SHA256, TLS_RSA_WITH_AES_128_CBC_SHA, TLS_RSA_WITH_AES_256_CBC_SHA]
[main] DEBUG io.netty.channel.MultithreadEventLoopGroup  - -Dio.netty.eventLoopThreads: 8
[main] DEBUG io.netty.channel.nio.NioEventLoop  - -Dio.netty.noKeySetOptimization: false
[main] DEBUG io.netty.channel.nio.NioEventLoop  - -Dio.netty.selectorAutoRebuildThreshold: 512
[main] DEBUG io.netty.buffer.PooledByteBufAllocator  - -Dio.netty.allocator.numHeapArenas: 8
[main] DEBUG io.netty.buffer.PooledByteBufAllocator  - -Dio.netty.allocator.numDirectArenas: 8
[main] DEBUG io.netty.buffer.PooledByteBufAllocator  - -Dio.netty.allocator.pageSize: 8192
[main] DEBUG io.netty.buffer.PooledByteBufAllocator  - -Dio.netty.allocator.maxOrder: 11
[main] DEBUG io.netty.buffer.PooledByteBufAllocator  - -Dio.netty.allocator.chunkSize: 16777216
[main] DEBUG io.netty.buffer.PooledByteBufAllocator  - -Dio.netty.allocator.smallCacheSize: 256
[main] DEBUG io.netty.buffer.PooledByteBufAllocator  - -Dio.netty.allocator.normalCacheSize: 64
[main] DEBUG io.netty.buffer.PooledByteBufAllocator  - -Dio.netty.allocator.maxCachedBufferCapacity: 32768
[main] DEBUG io.netty.buffer.PooledByteBufAllocator  - -Dio.netty.allocator.cacheTrimInterval: 8192
[main] DEBUG io.netty.buffer.PooledByteBufAllocator  - -Dio.netty.allocator.cacheTrimIntervalMillis: 0
[main] DEBUG io.netty.buffer.PooledByteBufAllocator  - -Dio.netty.allocator.useCacheForAllThreads: true
[main] DEBUG io.netty.buffer.PooledByteBufAllocator  - -Dio.netty.allocator.maxCachedByteBuffersPerChunk: 1023
[main] DEBUG io.netty.buffer.ByteBufUtil  - -Dio.netty.allocator.type: pooled
[main] DEBUG io.netty.buffer.ByteBufUtil  - -Dio.netty.threadLocalDirectBufferSize: 0
[main] DEBUG io.netty.buffer.ByteBufUtil  - -Dio.netty.maxThreadLocalCharBufferSize: 16384
[Forwarding newSession on session null to remote] DEBUG io.netty.channel.DefaultChannelId  - -Dio.netty.processId: 3455 (auto-detected)
[Forwarding newSession on session null to remote] DEBUG io.netty.util.NetUtil  - -Djava.net.preferIPv4Stack: false
[Forwarding newSession on session null to remote] DEBUG io.netty.util.NetUtil  - -Djava.net.preferIPv6Addresses: false
[Forwarding newSession on session null to remote] DEBUG io.netty.util.NetUtil  - Loopback interface: lo0 (lo0, 0:0:0:0:0:0:0:1%lo0)
[Forwarding newSession on session null to remote] DEBUG io.netty.util.NetUtil  - Failed to get SOMAXCONN from sysctl and file /proc/sys/net/core/somaxconn. Default: 128
[Forwarding newSession on session null to remote] DEBUG io.netty.channel.DefaultChannelId  - -Dio.netty.machineId: 60:30:d4:ff:fe:86:66:90 (auto-detected)
[AsyncHttpClient-1-2] DEBUG io.netty.buffer.AbstractByteBuf  - -Dio.netty.buffer.checkAccessible: true
[AsyncHttpClient-1-2] DEBUG io.netty.buffer.AbstractByteBuf  - -Dio.netty.buffer.checkBounds: true
[AsyncHttpClient-1-2] DEBUG io.netty.util.ResourceLeakDetectorFactory  - Loaded default ResourceLeakDetector: io.netty.util.ResourceLeakDetector@6616e26f
[AsyncHttpClient-1-2] DEBUG io.netty.util.Recycler  - -Dio.netty.recycler.maxCapacityPerThread: 4096
[AsyncHttpClient-1-2] DEBUG io.netty.util.Recycler  - -Dio.netty.recycler.maxSharedCapacityFactor: 2
[AsyncHttpClient-1-2] DEBUG io.netty.util.Recycler  - -Dio.netty.recycler.linkCapacity: 16
[AsyncHttpClient-1-2] DEBUG io.netty.util.Recycler  - -Dio.netty.recycler.ratio: 8
[AsyncHttpClient-1-2] DEBUG io.netty.util.Recycler  - -Dio.netty.recycler.delayedQueue.ratio: 8
[main] DEBUG io.netty.util.internal.ThreadLocalRandom  - -Dio.netty.initialSeedUniquifier: 0xf9cfcee015b27b49
[AsyncHttpClient-1-2] DEBUG io.netty.buffer.PoolThreadCache  - Freed 8 thread-local buffer(s) from thread: AsyncHttpClient-1-2
[AsyncHttpClient-1-4] DEBUG io.netty.buffer.PoolThreadCache  - Freed 4 thread-local buffer(s) from thread: AsyncHttpClient-1-4
